2019-08-08T12:24:59.405278+08:00 0 [Note] --secure-file-priv is set to NULL. Operations related to importing and exporting data are disabled
2019-08-08T12:24:59.407032+08:00 0 [ERROR] Cannot open Windows EventLog; check privileges, or start server with --log_syslog=0
2019-08-08T12:24:59.407057+08:00 0 [Note] D:\phpEnv\server\mysql\mysql-57\bin\mysqld.exe (mysqld 5.7.25) starting as process 16476 ...
2019-08-08T12:24:59.420676+08:00 0 [Note] InnoDB: Mutexes and rw_locks use Windows interlocked functions
2019-08-08T12:24:59.421602+08:00 0 [Note] InnoDB: Uses event mutexes
2019-08-08T12:24:59.422185+08:00 0 [Note] InnoDB: _mm_lfence() and _mm_sfence() are used for memory barrier
2019-08-08T12:24:59.423100+08:00 0 [Note] InnoDB: Compressed tables use zlib 1.2.11
2019-08-08T12:24:59.424156+08:00 0 [Note] InnoDB: Number of pools: 1
2019-08-08T12:24:59.424605+08:00 0 [Note] InnoDB: Not using CPU crc32 instructions
2019-08-08T12:24:59.427994+08:00 0 [Note] InnoDB: Initializing buffer pool, total size = 128M, instances = 1, chunk size = 128M
2019-08-08T12:24:59.435849+08:00 0 [Note] InnoDB: Completed initialization of buffer pool
2019-08-08T12:24:59.457871+08:00 0 [Note] InnoDB: Highest supported file format is Barracuda.
2019-08-08T12:24:59.460839+08:00 0 [Note] InnoDB: Log scan progressed past the checkpoint lsn 5894324
2019-08-08T12:24:59.461372+08:00 0 [Note] InnoDB: Doing recovery: scanned up to log sequence number 5894333
2019-08-08T12:24:59.461840+08:00 0 [Note] InnoDB: Database was not shutdown normally!
2019-08-08T12:24:59.462171+08:00 0 [Note] InnoDB: Starting crash recovery.
2019-08-08T12:24:59.652648+08:00 0 [Note] InnoDB: Removed temporary tablespace data file: "ibtmp1"
2019-08-08T12:24:59.653038+08:00 0 [Note] InnoDB: Creating shared tablespace for temporary tables
2019-08-08T12:24:59.653831+08:00 0 [Note] InnoDB: Setting file '.\ibtmp1' size to 12 MB. Physically writing the file full; Please wait ...
2019-08-08T12:24:59.662926+08:00 0 [Note] InnoDB: File '.\ibtmp1' size is now 12 MB.
2019-08-08T12:24:59.664438+08:00 0 [Note] InnoDB: 96 redo rollback segment(s) found. 96 redo rollback segment(s) are active.
2019-08-08T12:24:59.664921+08:00 0 [Note] InnoDB: 32 non-redo rollback segment(s) are active.
2019-08-08T12:24:59.665533+08:00 0 [Note] InnoDB: Waiting for purge to start
2019-08-08T12:24:59.716347+08:00 0 [Note] InnoDB: 5.7.25 started; log sequence number 5894333
2019-08-08T12:24:59.717001+08:00 0 [Note] InnoDB: Loading buffer pool(s) from D:\phpEnv\server\mysql\mysql-57\data\ib_buffer_pool
2019-08-08T12:24:59.717088+08:00 0 [Note] Plugin 'FEDERATED' is disabled.
2019-08-08T12:24:59.726310+08:00 0 [Note] Server hostname (bind-address): '*'; port: 3306
2019-08-08T12:24:59.727040+08:00 0 [Note] IPv6 is available.
2019-08-08T12:24:59.727314+08:00 0 [Note]   - '::' resolves to '::';
2019-08-08T12:24:59.727626+08:00 0 [Note] Server socket created on IP: '::'.
2019-08-08T12:24:59.731686+08:00 0 [Note] InnoDB: Buffer pool(s) load completed at 190808 12:24:59
2019-08-08T12:24:59.757545+08:00 0 [Note] Failed to start slave threads for channel ''
2019-08-08T12:24:59.806375+08:00 0 [Note] Event Scheduler: Loaded 0 events
2019-08-08T12:24:59.806977+08:00 0 [Note] D:\phpEnv\server\mysql\mysql-57\bin\mysqld.exe: ready for connections.
Version: '5.7.25'  socket: ''  port: 3306  MySQL Community Server (GPL)
2019-08-08T18:29:44.503823+08:00 0 [Note] --secure-file-priv is set to NULL. Operations related to importing and exporting data are disabled
2019-08-08T18:29:44.653716+08:00 0 [Note] D:\phpEnv\server\mysql\mysql-57\bin\mysqld.exe (mysqld 5.7.25) starting as process 11644 ...
2019-08-08T18:29:44.664648+08:00 0 [Note] InnoDB: Mutexes and rw_locks use Windows interlocked functions
2019-08-08T18:29:44.665085+08:00 0 [Note] InnoDB: Uses event mutexes
2019-08-08T18:29:44.665364+08:00 0 [Note] InnoDB: _mm_lfence() and _mm_sfence() are used for memory barrier
2019-08-08T18:29:44.665746+08:00 0 [Note] InnoDB: Compressed tables use zlib 1.2.11
2019-08-08T18:29:44.666434+08:00 0 [Note] InnoDB: Number of pools: 1
2019-08-08T18:29:44.667161+08:00 0 [Note] InnoDB: Not using CPU crc32 instructions
2019-08-08T18:29:44.670277+08:00 0 [Note] InnoDB: Initializing buffer pool, total size = 128M, instances = 1, chunk size = 128M
2019-08-08T18:29:44.676989+08:00 0 [Note] InnoDB: Completed initialization of buffer pool
2019-08-08T18:29:44.699642+08:00 0 [Note] InnoDB: Highest supported file format is Barracuda.
2019-08-08T18:29:44.702254+08:00 0 [Note] InnoDB: Log scan progressed past the checkpoint lsn 5894352
2019-08-08T18:29:44.702684+08:00 0 [Note] InnoDB: Doing recovery: scanned up to log sequence number 5894361
2019-08-08T18:29:44.703069+08:00 0 [Note] InnoDB: Database was not shutdown normally!
2019-08-08T18:29:44.703375+08:00 0 [Note] InnoDB: Starting crash recovery.
2019-08-08T18:29:44.895531+08:00 0 [Note] InnoDB: Removed temporary tablespace data file: "ibtmp1"
2019-08-08T18:29:44.896381+08:00 0 [Note] InnoDB: Creating shared tablespace for temporary tables
2019-08-08T18:29:44.897613+08:00 0 [Note] InnoDB: Setting file '.\ibtmp1' size to 12 MB. Physically writing the file full; Please wait ...
2019-08-08T18:29:44.907828+08:00 0 [Note] InnoDB: File '.\ibtmp1' size is now 12 MB.
2019-08-08T18:29:44.911535+08:00 0 [Note] InnoDB: 96 redo rollback segment(s) found. 96 redo rollback segment(s) are active.
2019-08-08T18:29:44.912439+08:00 0 [Note] InnoDB: 32 non-redo rollback segment(s) are active.
2019-08-08T18:29:44.913665+08:00 0 [Note] InnoDB: Waiting for purge to start
2019-08-08T18:29:44.965185+08:00 0 [Note] InnoDB: 5.7.25 started; log sequence number 5894361
2019-08-08T18:29:44.966371+08:00 0 [Note] InnoDB: Loading buffer pool(s) from D:\phpEnv\server\mysql\mysql-57\data\ib_buffer_pool
2019-08-08T18:29:44.966614+08:00 0 [Note] Plugin 'FEDERATED' is disabled.
2019-08-08T18:29:44.983920+08:00 0 [Note] Server hostname (bind-address): '*'; port: 3306
2019-08-08T18:29:44.985719+08:00 0 [Note] IPv6 is available.
2019-08-08T18:29:44.986468+08:00 0 [Note]   - '::' resolves to '::';
2019-08-08T18:29:44.987512+08:00 0 [Note] Server socket created on IP: '::'.
2019-08-08T18:29:44.989012+08:00 0 [Note] InnoDB: Buffer pool(s) load completed at 190808 18:29:44
2019-08-08T18:29:45.041314+08:00 0 [Note] Failed to start slave threads for channel ''
2019-08-08T18:29:45.123219+08:00 0 [Note] Event Scheduler: Loaded 0 events
2019-08-08T18:29:45.124238+08:00 0 [Note] D:\phpEnv\server\mysql\mysql-57\bin\mysqld.exe: ready for connections.
Version: '5.7.25'  socket: ''  port: 3306  MySQL Community Server (GPL)
2019-08-09T17:11:16.862396+08:00 0 [Note] --secure-file-priv is set to NULL. Operations related to importing and exporting data are disabled
2019-08-09T17:11:16.863388+08:00 0 [Note] D:\phpEnv\server\mysql\mysql-57\bin\mysqld.exe (mysqld 5.7.25) starting as process 12880 ...
2019-08-09T17:11:16.874959+08:00 0 [Note] InnoDB: Mutexes and rw_locks use Windows interlocked functions
2019-08-09T17:11:16.875543+08:00 0 [Note] InnoDB: Uses event mutexes
2019-08-09T17:11:16.875898+08:00 0 [Note] InnoDB: _mm_lfence() and _mm_sfence() are used for memory barrier
2019-08-09T17:11:16.876486+08:00 0 [Note] InnoDB: Compressed tables use zlib 1.2.11
2019-08-09T17:11:16.877503+08:00 0 [Note] InnoDB: Number of pools: 1
2019-08-09T17:11:16.878250+08:00 0 [Note] InnoDB: Not using CPU crc32 instructions
2019-08-09T17:11:16.883264+08:00 0 [Note] InnoDB: Initializing buffer pool, total size = 128M, instances = 1, chunk size = 128M
2019-08-09T17:11:16.884012+08:00 0 [Note] InnoDB: VirtualAlloc(137297920 bytes) failed; Windows error 1455
2019-08-09T17:11:16.884531+08:00 0 [ERROR] InnoDB: Cannot allocate memory for the buffer pool
2019-08-09T17:11:16.884978+08:00 0 [ERROR] InnoDB: Plugin initialization aborted with error Generic error
2019-08-09T17:11:16.885484+08:00 0 [ERROR] Plugin 'InnoDB' init function returned error.
2019-08-09T17:11:16.885897+08:00 0 [ERROR] Plugin 'InnoDB' registration as a STORAGE ENGINE failed.
2019-08-09T17:11:16.886357+08:00 0 [ERROR] Failed to initialize builtin plugins.
2019-08-09T17:11:16.886740+08:00 0 [ERROR] Aborting

2019-08-09T17:11:16.887071+08:00 0 [Note] Binlog end
2019-08-09T17:11:16.887433+08:00 0 [Note] Shutting down plugin 'CSV'
2019-08-09T17:11:16.888137+08:00 0 [Note] D:\phpEnv\server\mysql\mysql-57\bin\mysqld.exe: Shutdown complete

2019-08-09T17:12:01.054499+08:00 0 [Note] --secure-file-priv is set to NULL. Operations related to importing and exporting data are disabled
2019-08-09T17:12:01.054940+08:00 0 [Note] mysqld (mysqld 5.7.25) starting as process 14656 ...
2019-08-09T17:12:01.061559+08:00 0 [Note] InnoDB: Mutexes and rw_locks use Windows interlocked functions
2019-08-09T17:12:01.062103+08:00 0 [Note] InnoDB: Uses event mutexes
2019-08-09T17:12:01.062463+08:00 0 [Note] InnoDB: _mm_lfence() and _mm_sfence() are used for memory barrier
2019-08-09T17:12:01.062956+08:00 0 [Note] InnoDB: Compressed tables use zlib 1.2.11
2019-08-09T17:12:01.063675+08:00 0 [Note] InnoDB: Number of pools: 1
2019-08-09T17:12:01.064142+08:00 0 [Note] InnoDB: Not using CPU crc32 instructions
2019-08-09T17:12:01.067729+08:00 0 [Note] InnoDB: Initializing buffer pool, total size = 128M, instances = 1, chunk size = 128M
2019-08-09T17:12:01.068493+08:00 0 [Note] InnoDB: VirtualAlloc(137297920 bytes) failed; Windows error 1455
2019-08-09T17:12:01.069039+08:00 0 [ERROR] InnoDB: Cannot allocate memory for the buffer pool
2019-08-09T17:12:01.069515+08:00 0 [ERROR] InnoDB: Plugin initialization aborted with error Generic error
2019-08-09T17:12:01.070018+08:00 0 [ERROR] Plugin 'InnoDB' init function returned error.
2019-08-09T17:12:01.070440+08:00 0 [ERROR] Plugin 'InnoDB' registration as a STORAGE ENGINE failed.
2019-08-09T17:12:01.070900+08:00 0 [ERROR] Failed to initialize builtin plugins.
2019-08-09T17:12:01.071297+08:00 0 [ERROR] Aborting

2019-08-09T17:12:01.071581+08:00 0 [Note] Binlog end
2019-08-09T17:12:01.071905+08:00 0 [Note] Shutting down plugin 'CSV'
2019-08-09T17:12:01.072587+08:00 0 [Note] mysqld: Shutdown complete

2019-08-09T17:16:02.086759+08:00 0 [Note] --secure-file-priv is set to NULL. Operations related to importing and exporting data are disabled
2019-08-09T17:16:02.087135+08:00 0 [Note] D:\phpEnv\server\mysql\mysql-57\bin\mysqld.exe (mysqld 5.7.25) starting as process 16360 ...
2019-08-09T17:16:02.096734+08:00 0 [Note] InnoDB: Mutexes and rw_locks use Windows interlocked functions
2019-08-09T17:16:02.097469+08:00 0 [Note] InnoDB: Uses event mutexes
2019-08-09T17:16:02.097938+08:00 0 [Note] InnoDB: _mm_lfence() and _mm_sfence() are used for memory barrier
2019-08-09T17:16:02.098650+08:00 0 [Note] InnoDB: Compressed tables use zlib 1.2.11
2019-08-09T17:16:02.099396+08:00 0 [Note] InnoDB: Number of pools: 1
2019-08-09T17:16:02.099859+08:00 0 [Note] InnoDB: Not using CPU crc32 instructions
2019-08-09T17:16:02.103260+08:00 0 [Note] InnoDB: Initializing buffer pool, total size = 128M, instances = 1, chunk size = 128M
2019-08-09T17:16:02.109470+08:00 0 [Note] InnoDB: Completed initialization of buffer pool
2019-08-09T17:16:02.131765+08:00 0 [Note] InnoDB: Highest supported file format is Barracuda.
2019-08-09T17:16:02.134421+08:00 0 [Note] InnoDB: Log scan progressed past the checkpoint lsn 5894380
2019-08-09T17:16:02.134943+08:00 0 [Note] InnoDB: Doing recovery: scanned up to log sequence number 5894389
2019-08-09T17:16:02.135453+08:00 0 [Note] InnoDB: Database was not shutdown normally!
2019-08-09T17:16:02.135860+08:00 0 [Note] InnoDB: Starting crash recovery.
2019-08-09T17:16:02.320882+08:00 0 [Note] InnoDB: Removed temporary tablespace data file: "ibtmp1"
2019-08-09T17:16:02.321448+08:00 0 [Note] InnoDB: Creating shared tablespace for temporary tables
2019-08-09T17:16:02.322650+08:00 0 [Note] InnoDB: Setting file '.\ibtmp1' size to 12 MB. Physically writing the file full; Please wait ...
2019-08-09T17:16:02.331530+08:00 0 [Note] InnoDB: File '.\ibtmp1' size is now 12 MB.
2019-08-09T17:16:02.333467+08:00 0 [Note] InnoDB: 96 redo rollback segment(s) found. 96 redo rollback segment(s) are active.
2019-08-09T17:16:02.334148+08:00 0 [Note] InnoDB: 32 non-redo rollback segment(s) are active.
2019-08-09T17:16:02.334915+08:00 0 [Note] InnoDB: Waiting for purge to start
2019-08-09T17:16:02.386474+08:00 0 [Note] InnoDB: 5.7.25 started; log sequence number 5894389
2019-08-09T17:16:02.387238+08:00 0 [Note] InnoDB: Loading buffer pool(s) from D:\phpEnv\server\mysql\mysql-57\data\ib_buffer_pool
2019-08-09T17:16:02.387338+08:00 0 [Note] Plugin 'FEDERATED' is disabled.
2019-08-09T17:16:02.396171+08:00 0 [Note] Server hostname (bind-address): '*'; port: 3306
2019-08-09T17:16:02.397040+08:00 0 [Note] IPv6 is available.
2019-08-09T17:16:02.397383+08:00 0 [Note]   - '::' resolves to '::';
2019-08-09T17:16:02.397787+08:00 0 [Note] Server socket created on IP: '::'.
2019-08-09T17:16:02.400459+08:00 0 [Note] InnoDB: Buffer pool(s) load completed at 190809 17:16:02
2019-08-09T17:16:02.427410+08:00 0 [Note] Failed to start slave threads for channel ''
2019-08-09T17:16:02.465220+08:00 0 [Note] Event Scheduler: Loaded 0 events
2019-08-09T17:16:02.465760+08:00 0 [Note] D:\phpEnv\server\mysql\mysql-57\bin\mysqld.exe: ready for connections.
Version: '5.7.25'  socket: ''  port: 3306  MySQL Community Server (GPL)
2019-08-09T17:16:45.478467+08:00 0 [Note] --secure-file-priv is set to NULL. Operations related to importing and exporting data are disabled
2019-08-09T17:16:45.478808+08:00 0 [Note] D:\phpEnv\server\mysql\mysql-57\bin\mysqld.exe (mysqld 5.7.25) starting as process 16164 ...
2019-08-09T17:16:45.486254+08:00 0 [Note] InnoDB: Mutexes and rw_locks use Windows interlocked functions
2019-08-09T17:16:45.486813+08:00 0 [Note] InnoDB: Uses event mutexes
2019-08-09T17:16:45.487183+08:00 0 [Note] InnoDB: _mm_lfence() and _mm_sfence() are used for memory barrier
2019-08-09T17:16:45.487676+08:00 0 [Note] InnoDB: Compressed tables use zlib 1.2.11
2019-08-09T17:16:45.488414+08:00 0 [Note] InnoDB: Number of pools: 1
2019-08-09T17:16:45.488876+08:00 0 [Note] InnoDB: Not using CPU crc32 instructions
2019-08-09T17:16:45.492653+08:00 0 [Note] InnoDB: Initializing buffer pool, total size = 128M, instances = 1, chunk size = 128M
2019-08-09T17:16:45.499370+08:00 0 [Note] InnoDB: Completed initialization of buffer pool
2019-08-09T17:16:45.521801+08:00 0 [Note] InnoDB: Highest supported file format is Barracuda.
2019-08-09T17:16:45.524525+08:00 0 [Note] InnoDB: Log scan progressed past the checkpoint lsn 5894417
2019-08-09T17:16:45.525081+08:00 0 [Note] InnoDB: Doing recovery: scanned up to log sequence number 5894426
2019-08-09T17:16:45.525588+08:00 0 [Note] InnoDB: Database was not shutdown normally!
2019-08-09T17:16:45.526202+08:00 0 [Note] InnoDB: Starting crash recovery.
2019-08-09T17:16:45.702840+08:00 0 [Note] InnoDB: Removed temporary tablespace data file: "ibtmp1"
2019-08-09T17:16:45.703360+08:00 0 [Note] InnoDB: Creating shared tablespace for temporary tables
2019-08-09T17:16:45.704373+08:00 0 [Note] InnoDB: Setting file '.\ibtmp1' size to 12 MB. Physically writing the file full; Please wait ...
2019-08-09T17:16:45.713161+08:00 0 [Note] InnoDB: File '.\ibtmp1' size is now 12 MB.
2019-08-09T17:16:45.714907+08:00 0 [Note] InnoDB: 96 redo rollback segment(s) found. 96 redo rollback segment(s) are active.
2019-08-09T17:16:45.715554+08:00 0 [Note] InnoDB: 32 non-redo rollback segment(s) are active.
2019-08-09T17:16:45.716242+08:00 0 [Note] InnoDB: Waiting for purge to start
2019-08-09T17:16:45.767609+08:00 0 [Note] InnoDB: 5.7.25 started; log sequence number 5894426
2019-08-09T17:16:45.768434+08:00 0 [Note] InnoDB: Loading buffer pool(s) from D:\phpEnv\server\mysql\mysql-57\data\ib_buffer_pool
2019-08-09T17:16:45.768543+08:00 0 [Note] Plugin 'FEDERATED' is disabled.
2019-08-09T17:16:45.775264+08:00 0 [Note] Server hostname (bind-address): '*'; port: 3306
2019-08-09T17:16:45.776144+08:00 0 [Note] IPv6 is available.
2019-08-09T17:16:45.776490+08:00 0 [Note]   - '::' resolves to '::';
2019-08-09T17:16:45.776879+08:00 0 [Note] Server socket created on IP: '::'.
2019-08-09T17:16:45.781243+08:00 0 [Note] InnoDB: Buffer pool(s) load completed at 190809 17:16:45
2019-08-09T17:16:45.797375+08:00 0 [Note] Failed to start slave threads for channel ''
2019-08-09T17:16:45.807877+08:00 0 [Note] Event Scheduler: Loaded 0 events
2019-08-09T17:16:45.808422+08:00 0 [Note] D:\phpEnv\server\mysql\mysql-57\bin\mysqld.exe: ready for connections.
Version: '5.7.25'  socket: ''  port: 3306  MySQL Community Server (GPL)
2019-08-09T17:17:24.913546+08:00 0 [Note] --secure-file-priv is set to NULL. Operations related to importing and exporting data are disabled
2019-08-09T17:17:24.913938+08:00 0 [Note] D:\phpEnv\server\mysql\mysql-57\bin\mysqld.exe (mysqld 5.7.25) starting as process 15628 ...
2019-08-09T17:17:24.920971+08:00 0 [Note] InnoDB: Mutexes and rw_locks use Windows interlocked functions
2019-08-09T17:17:24.921519+08:00 0 [Note] InnoDB: Uses event mutexes
2019-08-09T17:17:24.921871+08:00 0 [Note] InnoDB: _mm_lfence() and _mm_sfence() are used for memory barrier
2019-08-09T17:17:24.922365+08:00 0 [Note] InnoDB: Compressed tables use zlib 1.2.11
2019-08-09T17:17:24.923149+08:00 0 [Note] InnoDB: Number of pools: 1
2019-08-09T17:17:24.923711+08:00 0 [Note] InnoDB: Not using CPU crc32 instructions
2019-08-09T17:17:24.927700+08:00 0 [Note] InnoDB: Initializing buffer pool, total size = 128M, instances = 1, chunk size = 128M
2019-08-09T17:17:24.933627+08:00 0 [Note] InnoDB: Completed initialization of buffer pool
2019-08-09T17:17:24.954486+08:00 0 [Note] InnoDB: Highest supported file format is Barracuda.
2019-08-09T17:17:24.957075+08:00 0 [Note] InnoDB: Log scan progressed past the checkpoint lsn 5894445
2019-08-09T17:17:24.957601+08:00 0 [Note] InnoDB: Doing recovery: scanned up to log sequence number 5894454
2019-08-09T17:17:24.958148+08:00 0 [Note] InnoDB: Database was not shutdown normally!
2019-08-09T17:17:24.958746+08:00 0 [Note] InnoDB: Starting crash recovery.
2019-08-09T17:17:25.131552+08:00 0 [Note] InnoDB: Removed temporary tablespace data file: "ibtmp1"
2019-08-09T17:17:25.132072+08:00 0 [Note] InnoDB: Creating shared tablespace for temporary tables
2019-08-09T17:17:25.133088+08:00 0 [Note] InnoDB: Setting file '.\ibtmp1' size to 12 MB. Physically writing the file full; Please wait ...
2019-08-09T17:17:25.143525+08:00 0 [Note] InnoDB: File '.\ibtmp1' size is now 12 MB.
2019-08-09T17:17:25.145290+08:00 0 [Note] InnoDB: 96 redo rollback segment(s) found. 96 redo rollback segment(s) are active.
2019-08-09T17:17:25.146110+08:00 0 [Note] InnoDB: 32 non-redo rollback segment(s) are active.
2019-08-09T17:17:25.147028+08:00 0 [Note] InnoDB: Waiting for purge to start
2019-08-09T17:17:25.198289+08:00 0 [Note] InnoDB: 5.7.25 started; log sequence number 5894454
2019-08-09T17:17:25.199053+08:00 0 [Note] InnoDB: Loading buffer pool(s) from D:\phpEnv\server\mysql\mysql-57\data\ib_buffer_pool
2019-08-09T17:17:25.199066+08:00 0 [Note] Plugin 'FEDERATED' is disabled.
2019-08-09T17:17:25.206130+08:00 0 [Note] Server hostname (bind-address): '*'; port: 3306
2019-08-09T17:17:25.207003+08:00 0 [Note] IPv6 is available.
2019-08-09T17:17:25.207378+08:00 0 [Note]   - '::' resolves to '::';
2019-08-09T17:17:25.207779+08:00 0 [Note] Server socket created on IP: '::'.
2019-08-09T17:17:25.212061+08:00 0 [Note] InnoDB: Buffer pool(s) load completed at 190809 17:17:25
2019-08-09T17:17:25.226955+08:00 0 [Note] Failed to start slave threads for channel ''
2019-08-09T17:17:25.236780+08:00 0 [Note] Event Scheduler: Loaded 0 events
2019-08-09T17:17:25.237391+08:00 0 [Note] D:\phpEnv\server\mysql\mysql-57\bin\mysqld.exe: ready for connections.
Version: '5.7.25'  socket: ''  port: 3306  MySQL Community Server (GPL)
2019-08-09T17:18:13.556792+08:00 0 [Note] --secure-file-priv is set to NULL. Operations related to importing and exporting data are disabled
2019-08-09T17:18:13.557134+08:00 0 [Note] D:\phpEnv\server\mysql\mysql-57\bin\mysqld.exe (mysqld 5.7.25) starting as process 5672 ...
2019-08-09T17:18:13.564637+08:00 0 [Note] InnoDB: Mutexes and rw_locks use Windows interlocked functions
2019-08-09T17:18:13.565400+08:00 0 [Note] InnoDB: Uses event mutexes
2019-08-09T17:18:13.565808+08:00 0 [Note] InnoDB: _mm_lfence() and _mm_sfence() are used for memory barrier
2019-08-09T17:18:13.566416+08:00 0 [Note] InnoDB: Compressed tables use zlib 1.2.11
2019-08-09T17:18:13.567215+08:00 0 [Note] InnoDB: Number of pools: 1
2019-08-09T17:18:13.567745+08:00 0 [Note] InnoDB: Not using CPU crc32 instructions
2019-08-09T17:18:13.572579+08:00 0 [Note] InnoDB: Initializing buffer pool, total size = 128M, instances = 1, chunk size = 128M
2019-08-09T17:18:13.578807+08:00 0 [Note] InnoDB: Completed initialization of buffer pool
2019-08-09T17:18:13.601096+08:00 0 [Note] InnoDB: Highest supported file format is Barracuda.
2019-08-09T17:18:13.603730+08:00 0 [Note] InnoDB: Log scan progressed past the checkpoint lsn 5894473
2019-08-09T17:18:13.604251+08:00 0 [Note] InnoDB: Doing recovery: scanned up to log sequence number 5894482
2019-08-09T17:18:13.604754+08:00 0 [Note] InnoDB: Database was not shutdown normally!
2019-08-09T17:18:13.605160+08:00 0 [Note] InnoDB: Starting crash recovery.
2019-08-09T17:18:13.781431+08:00 0 [Note] InnoDB: Removed temporary tablespace data file: "ibtmp1"
2019-08-09T17:18:13.782021+08:00 0 [Note] InnoDB: Creating shared tablespace for temporary tables
2019-08-09T17:18:13.783115+08:00 0 [Note] InnoDB: Setting file '.\ibtmp1' size to 12 MB. Physically writing the file full; Please wait ...
2019-08-09T17:18:13.792274+08:00 0 [Note] InnoDB: File '.\ibtmp1' size is now 12 MB.
2019-08-09T17:18:13.793891+08:00 0 [Note] InnoDB: 96 redo rollback segment(s) found. 96 redo rollback segment(s) are active.
2019-08-09T17:18:13.794468+08:00 0 [Note] InnoDB: 32 non-redo rollback segment(s) are active.
2019-08-09T17:18:13.795153+08:00 0 [Note] InnoDB: Waiting for purge to start
2019-08-09T17:18:13.846788+08:00 0 [Note] InnoDB: 5.7.25 started; log sequence number 5894482
2019-08-09T17:18:13.847733+08:00 0 [Note] InnoDB: Loading buffer pool(s) from D:\phpEnv\server\mysql\mysql-57\data\ib_buffer_pool
2019-08-09T17:18:13.847855+08:00 0 [Note] Plugin 'FEDERATED' is disabled.
2019-08-09T17:18:13.855052+08:00 0 [Note] Server hostname (bind-address): '*'; port: 3306
2019-08-09T17:18:13.855943+08:00 0 [Note] IPv6 is available.
2019-08-09T17:18:13.856277+08:00 0 [Note]   - '::' resolves to '::';
2019-08-09T17:18:13.856684+08:00 0 [Note] Server socket created on IP: '::'.
2019-08-09T17:18:13.860459+08:00 0 [Note] InnoDB: Buffer pool(s) load completed at 190809 17:18:13
2019-08-09T17:18:13.875481+08:00 0 [Note] Failed to start slave threads for channel ''
2019-08-09T17:18:13.885768+08:00 0 [Note] Event Scheduler: Loaded 0 events
2019-08-09T17:18:13.886295+08:00 0 [Note] D:\phpEnv\server\mysql\mysql-57\bin\mysqld.exe: ready for connections.
Version: '5.7.25'  socket: ''  port: 3306  MySQL Community Server (GPL)
