190221 19:44:19 [Note] Plugin 'FEDERATED' is disabled.
190221 19:44:19 InnoDB: The InnoDB memory heap is disabled
190221 19:44:19 InnoDB: Mutexes and rw_locks use Windows interlocked functions
190221 19:44:19 InnoDB: Compressed tables use zlib 1.2.11
190221 19:44:19 InnoDB: Initializing buffer pool, size = 128.0M
190221 19:44:19 InnoDB: Completed initialization of buffer pool
InnoDB: The first specified data file .\ibdata1 did not exist:
InnoDB: a new database to be created!
190221 19:44:19  InnoDB: Setting file .\ibdata1 size to 10 MB
InnoDB: Database physically writes the file full: wait...
190221 19:44:20  InnoDB: Log file .\ib_logfile0 did not exist: new to be created
InnoDB: Setting log file .\ib_logfile0 size to 5 MB
InnoDB: Database physically writes the file full: wait...
190221 19:44:20  InnoDB: Log file .\ib_logfile1 did not exist: new to be created
InnoDB: Setting log file .\ib_logfile1 size to 5 MB
InnoDB: Database physically writes the file full: wait...
InnoDB: Doublewrite buffer not found: creating new
InnoDB: Doublewrite buffer created
InnoDB: 127 rollback segment(s) active.
InnoDB: Creating foreign key constraint system tables
InnoDB: Foreign key constraint system tables created
190221 19:44:21  InnoDB: Waiting for the background threads to start
190221 19:44:22 InnoDB: 5.5.62 started; log sequence number 0
190221 19:44:22 [Note] Server hostname (bind-address): '0.0.0.0'; port: 3306
190221 19:44:22 [Note]   - '0.0.0.0' resolves to '0.0.0.0';
190221 19:44:22 [Note] Server socket created on IP: '0.0.0.0'.
190221 19:44:22 [Note] Event Scheduler: Loaded 0 events
190221 19:44:22 [Note] mysqld: ready for connections.
Version: '5.5.62'  socket: ''  port: 3306  MySQL Community Server (GPL)
190221 20:02:28 [Note] Plugin 'FEDERATED' is disabled.
190221 20:02:28 InnoDB: The InnoDB memory heap is disabled
190221 20:02:28 InnoDB: Mutexes and rw_locks use Windows interlocked functions
190221 20:02:28 InnoDB: Compressed tables use zlib 1.2.11
190221 20:02:28 InnoDB: Initializing buffer pool, size = 128.0M
190221 20:02:28 InnoDB: Completed initialization of buffer pool
190221 20:02:28  InnoDB: Operating system error number 32 in a file operation.
InnoDB: The error means that another program is using InnoDB's files.
InnoDB: This might be a backup or antivirus software or another instance
InnoDB: of MySQL. Please close it to get rid of this error.
