2019-08-09T18:09:16.788845+08:00 0 [Note] --secure-file-priv is set to NULL. Operations related to importing and exporting data are disabled
2019-08-09T18:09:16.789210+08:00 0 [Note] D:\phpEnv\server\mysql\mysql-57\bin\mysqld.exe (mysqld 5.7.25) starting as process 18832 ...
2019-08-09T18:09:16.797534+08:00 0 [Note] InnoDB: Mutexes and rw_locks use Windows interlocked functions
2019-08-09T18:09:16.798909+08:00 0 [Note] InnoDB: Uses event mutexes
2019-08-09T18:09:16.799628+08:00 0 [Note] InnoDB: _mm_lfence() and _mm_sfence() are used for memory barrier
2019-08-09T18:09:16.800986+08:00 0 [Note] InnoDB: Compressed tables use zlib 1.2.11
2019-08-09T18:09:16.802777+08:00 0 [Note] InnoDB: Number of pools: 1
2019-08-09T18:09:16.803639+08:00 0 [Note] InnoDB: Not using CPU crc32 instructions
2019-08-09T18:09:16.807572+08:00 0 [Note] InnoDB: Initializing buffer pool, total size = 128M, instances = 1, chunk size = 128M
2019-08-09T18:09:16.816121+08:00 0 [Note] InnoDB: Completed initialization of buffer pool
2019-08-09T18:09:16.839260+08:00 0 [Note] InnoDB: Highest supported file format is Barracuda.
2019-08-09T18:09:16.841658+08:00 0 [Note] InnoDB: Log scan progressed past the checkpoint lsn 5894501
2019-08-09T18:09:16.842192+08:00 0 [Note] InnoDB: Doing recovery: scanned up to log sequence number 5894510
2019-08-09T18:09:16.842724+08:00 0 [Note] InnoDB: Database was not shutdown normally!
2019-08-09T18:09:16.843131+08:00 0 [Note] InnoDB: Starting crash recovery.
2019-08-09T18:09:17.022341+08:00 0 [Note] InnoDB: Removed temporary tablespace data file: "ibtmp1"
2019-08-09T18:09:17.022866+08:00 0 [Note] InnoDB: Creating shared tablespace for temporary tables
2019-08-09T18:09:17.023984+08:00 0 [Note] InnoDB: Setting file '.\ibtmp1' size to 12 MB. Physically writing the file full; Please wait ...
2019-08-09T18:09:17.033036+08:00 0 [Note] InnoDB: File '.\ibtmp1' size is now 12 MB.
2019-08-09T18:09:17.034964+08:00 0 [Note] InnoDB: 96 redo rollback segment(s) found. 96 redo rollback segment(s) are active.
2019-08-09T18:09:17.035585+08:00 0 [Note] InnoDB: 32 non-redo rollback segment(s) are active.
2019-08-09T18:09:17.036284+08:00 0 [Note] InnoDB: Waiting for purge to start
2019-08-09T18:09:17.087145+08:00 0 [Note] InnoDB: 5.7.25 started; log sequence number 5894510
2019-08-09T18:09:17.087859+08:00 0 [Note] InnoDB: Loading buffer pool(s) from D:\phpEnv\server\mysql\mysql-57\data\ib_buffer_pool
2019-08-09T18:09:17.087942+08:00 0 [Note] Plugin 'FEDERATED' is disabled.
2019-08-09T18:09:17.095200+08:00 0 [Note] Server hostname (bind-address): '*'; port: 3306
2019-08-09T18:09:17.096053+08:00 0 [Note] IPv6 is available.
2019-08-09T18:09:17.096388+08:00 0 [Note]   - '::' resolves to '::';
2019-08-09T18:09:17.096841+08:00 0 [Note] Server socket created on IP: '::'.
2019-08-09T18:09:17.099670+08:00 0 [Note] InnoDB: Buffer pool(s) load completed at 190809 18:09:17
2019-08-09T18:09:17.149982+08:00 0 [Note] Failed to start slave threads for channel ''
2019-08-09T18:09:17.161533+08:00 0 [Note] Event Scheduler: Loaded 0 events
2019-08-09T18:09:17.162075+08:00 0 [Note] D:\phpEnv\server\mysql\mysql-57\bin\mysqld.exe: ready for connections.
Version: '5.7.25'  socket: ''  port: 3306  MySQL Community Server (GPL)
2019-08-12T10:45:58.388393+08:00 0 [Note] --secure-file-priv is set to NULL. Operations related to importing and exporting data are disabled
2019-08-12T10:45:58.388847+08:00 0 [Note] D:\phpEnv\server\mysql\mysql-57\bin\mysqld.exe (mysqld 5.7.25) starting as process 13908 ...
2019-08-12T10:45:58.396633+08:00 0 [Note] InnoDB: Mutexes and rw_locks use Windows interlocked functions
2019-08-12T10:45:58.397196+08:00 0 [Note] InnoDB: Uses event mutexes
2019-08-12T10:45:58.397544+08:00 0 [Note] InnoDB: _mm_lfence() and _mm_sfence() are used for memory barrier
2019-08-12T10:45:58.398057+08:00 0 [Note] InnoDB: Compressed tables use zlib 1.2.11
2019-08-12T10:45:58.398861+08:00 0 [Note] InnoDB: Number of pools: 1
2019-08-12T10:45:58.399398+08:00 0 [Note] InnoDB: Not using CPU crc32 instructions
2019-08-12T10:45:58.402728+08:00 0 [Note] InnoDB: Initializing buffer pool, total size = 128M, instances = 1, chunk size = 128M
2019-08-12T10:45:58.409739+08:00 0 [Note] InnoDB: Completed initialization of buffer pool
2019-08-12T10:45:58.431644+08:00 0 [Note] InnoDB: Highest supported file format is Barracuda.
2019-08-12T10:45:58.435495+08:00 0 [Note] InnoDB: Log scan progressed past the checkpoint lsn 5894529
2019-08-12T10:45:58.436076+08:00 0 [Note] InnoDB: Doing recovery: scanned up to log sequence number 5894538
2019-08-12T10:45:58.436587+08:00 0 [Note] InnoDB: Database was not shutdown normally!
2019-08-12T10:45:58.436998+08:00 0 [Note] InnoDB: Starting crash recovery.
2019-08-12T10:45:58.635387+08:00 0 [Note] InnoDB: Removed temporary tablespace data file: "ibtmp1"
2019-08-12T10:45:58.635906+08:00 0 [Note] InnoDB: Creating shared tablespace for temporary tables
2019-08-12T10:45:58.636560+08:00 0 [Note] InnoDB: Setting file '.\ibtmp1' size to 12 MB. Physically writing the file full; Please wait ...
2019-08-12T10:45:58.646972+08:00 0 [Note] InnoDB: File '.\ibtmp1' size is now 12 MB.
2019-08-12T10:45:58.648655+08:00 0 [Note] InnoDB: 96 redo rollback segment(s) found. 96 redo rollback segment(s) are active.
2019-08-12T10:45:58.649406+08:00 0 [Note] InnoDB: 32 non-redo rollback segment(s) are active.
2019-08-12T10:45:58.650213+08:00 0 [Note] InnoDB: Waiting for purge to start
2019-08-12T10:45:58.702035+08:00 0 [Note] InnoDB: 5.7.25 started; log sequence number 5894538
2019-08-12T10:45:58.702848+08:00 0 [Note] Plugin 'FEDERATED' is disabled.
2019-08-12T10:45:58.702849+08:00 0 [Note] InnoDB: Loading buffer pool(s) from D:\phpEnv\server\mysql\mysql-57\data\ib_buffer_pool
2019-08-12T10:45:58.709435+08:00 0 [Note] Server hostname (bind-address): '*'; port: 3306
2019-08-12T10:45:58.710309+08:00 0 [Note] IPv6 is available.
2019-08-12T10:45:58.710654+08:00 0 [Note]   - '::' resolves to '::';
2019-08-12T10:45:58.711039+08:00 0 [Note] Server socket created on IP: '::'.
2019-08-12T10:45:58.715727+08:00 0 [Note] InnoDB: Buffer pool(s) load completed at 190812 10:45:58
2019-08-12T10:45:58.730893+08:00 0 [Note] Failed to start slave threads for channel ''
2019-08-12T10:45:58.741533+08:00 0 [Note] Event Scheduler: Loaded 0 events
2019-08-12T10:45:58.742149+08:00 0 [Note] D:\phpEnv\server\mysql\mysql-57\bin\mysqld.exe: ready for connections.
Version: '5.7.25'  socket: ''  port: 3306  MySQL Community Server (GPL)
2019-08-12T10:56:03.852619+08:00 0 [Note] --secure-file-priv is set to NULL. Operations related to importing and exporting data are disabled
2019-08-12T10:56:03.853094+08:00 0 [Note] D:\phpEnv\server\mysql\mysql-57\bin\mysqld.exe (mysqld 5.7.25) starting as process 9268 ...
2019-08-12T10:56:03.859202+08:00 0 [Note] InnoDB: Mutexes and rw_locks use Windows interlocked functions
2019-08-12T10:56:03.859791+08:00 0 [Note] InnoDB: Uses event mutexes
2019-08-12T10:56:03.860140+08:00 0 [Note] InnoDB: _mm_lfence() and _mm_sfence() are used for memory barrier
2019-08-12T10:56:03.860655+08:00 0 [Note] InnoDB: Compressed tables use zlib 1.2.11
2019-08-12T10:56:03.861397+08:00 0 [Note] InnoDB: Number of pools: 1
2019-08-12T10:56:03.861897+08:00 0 [Note] InnoDB: Not using CPU crc32 instructions
2019-08-12T10:56:03.865250+08:00 0 [Note] InnoDB: Initializing buffer pool, total size = 128M, instances = 1, chunk size = 128M
2019-08-12T10:56:03.871909+08:00 0 [Note] InnoDB: Completed initialization of buffer pool
2019-08-12T10:56:03.893622+08:00 0 [Note] InnoDB: Highest supported file format is Barracuda.
2019-08-12T10:56:03.896572+08:00 0 [Note] InnoDB: Log scan progressed past the checkpoint lsn 5894557
2019-08-12T10:56:03.897121+08:00 0 [Note] InnoDB: Doing recovery: scanned up to log sequence number 5894566
2019-08-12T10:56:03.897626+08:00 0 [Note] InnoDB: Database was not shutdown normally!
2019-08-12T10:56:03.898058+08:00 0 [Note] InnoDB: Starting crash recovery.
2019-08-12T10:56:04.072520+08:00 0 [Note] InnoDB: Removed temporary tablespace data file: "ibtmp1"
2019-08-12T10:56:04.073051+08:00 0 [Note] InnoDB: Creating shared tablespace for temporary tables
2019-08-12T10:56:04.073762+08:00 0 [Note] InnoDB: Setting file '.\ibtmp1' size to 12 MB. Physically writing the file full; Please wait ...
2019-08-12T10:56:04.083691+08:00 0 [Note] InnoDB: File '.\ibtmp1' size is now 12 MB.
2019-08-12T10:56:04.085495+08:00 0 [Note] InnoDB: 96 redo rollback segment(s) found. 96 redo rollback segment(s) are active.
2019-08-12T10:56:04.086183+08:00 0 [Note] InnoDB: 32 non-redo rollback segment(s) are active.
2019-08-12T10:56:04.087011+08:00 0 [Note] InnoDB: Waiting for purge to start
2019-08-12T10:56:04.138134+08:00 0 [Note] InnoDB: 5.7.25 started; log sequence number 5894566
2019-08-12T10:56:04.138934+08:00 0 [Note] InnoDB: Loading buffer pool(s) from D:\phpEnv\server\mysql\mysql-57\data\ib_buffer_pool
2019-08-12T10:56:04.138989+08:00 0 [Note] Plugin 'FEDERATED' is disabled.
2019-08-12T10:56:04.147899+08:00 0 [Note] Server hostname (bind-address): '*'; port: 3306
2019-08-12T10:56:04.149035+08:00 0 [Note] IPv6 is available.
2019-08-12T10:56:04.149404+08:00 0 [Note]   - '::' resolves to '::';
2019-08-12T10:56:04.149808+08:00 0 [Note] Server socket created on IP: '::'.
2019-08-12T10:56:04.150866+08:00 0 [Note] InnoDB: Buffer pool(s) load completed at 190812 10:56:04
2019-08-12T10:56:04.170069+08:00 0 [Note] Failed to start slave threads for channel ''
2019-08-12T10:56:04.180726+08:00 0 [Note] Event Scheduler: Loaded 0 events
2019-08-12T10:56:04.181165+08:00 0 [Note] Execution of init_file 'D:\phpEnv\server\mysql\mysql-57\reset-password.txt' started.
2019-08-12T10:56:04.183108+08:00 0 [Note] Execution of init_file 'D:\phpEnv\server\mysql\mysql-57\reset-password.txt' ended.
2019-08-12T10:56:04.183836+08:00 0 [Note] D:\phpEnv\server\mysql\mysql-57\bin\mysqld.exe: ready for connections.
Version: '5.7.25'  socket: ''  port: 3306  MySQL Community Server (GPL)
2019-08-12T10:56:18.527230+08:00 0 [Note] --secure-file-priv is set to NULL. Operations related to importing and exporting data are disabled
2019-08-12T10:56:18.527586+08:00 0 [Note] D:\phpEnv\server\mysql\mysql-57\bin\mysqld.exe (mysqld 5.7.25) starting as process 14744 ...
2019-08-12T10:56:18.534459+08:00 0 [Note] InnoDB: Mutexes and rw_locks use Windows interlocked functions
2019-08-12T10:56:18.535249+08:00 0 [Note] InnoDB: Uses event mutexes
2019-08-12T10:56:18.535764+08:00 0 [Note] InnoDB: _mm_lfence() and _mm_sfence() are used for memory barrier
2019-08-12T10:56:18.536511+08:00 0 [Note] InnoDB: Compressed tables use zlib 1.2.11
2019-08-12T10:56:18.537588+08:00 0 [Note] InnoDB: Number of pools: 1
2019-08-12T10:56:18.538247+08:00 0 [Note] InnoDB: Not using CPU crc32 instructions
2019-08-12T10:56:18.541890+08:00 0 [Note] InnoDB: Initializing buffer pool, total size = 128M, instances = 1, chunk size = 128M
2019-08-12T10:56:18.554553+08:00 0 [Note] InnoDB: Completed initialization of buffer pool
2019-08-12T10:56:18.577750+08:00 0 [Note] InnoDB: Highest supported file format is Barracuda.
2019-08-12T10:56:18.580144+08:00 0 [Note] InnoDB: Log scan progressed past the checkpoint lsn 5894557
2019-08-12T10:56:18.580906+08:00 0 [Note] InnoDB: Doing recovery: scanned up to log sequence number 5894566
2019-08-12T10:56:18.581476+08:00 0 [Note] InnoDB: Database was not shutdown normally!
2019-08-12T10:56:18.581880+08:00 0 [Note] InnoDB: Starting crash recovery.
2019-08-12T10:56:18.757072+08:00 0 [Note] InnoDB: Removed temporary tablespace data file: "ibtmp1"
2019-08-12T10:56:18.757579+08:00 0 [Note] InnoDB: Creating shared tablespace for temporary tables
2019-08-12T10:56:18.758257+08:00 0 [Note] InnoDB: Setting file '.\ibtmp1' size to 12 MB. Physically writing the file full; Please wait ...
2019-08-12T10:56:18.768784+08:00 0 [Note] InnoDB: File '.\ibtmp1' size is now 12 MB.
2019-08-12T10:56:18.770544+08:00 0 [Note] InnoDB: 96 redo rollback segment(s) found. 96 redo rollback segment(s) are active.
2019-08-12T10:56:18.771150+08:00 0 [Note] InnoDB: 32 non-redo rollback segment(s) are active.
2019-08-12T10:56:18.771846+08:00 0 [Note] InnoDB: Waiting for purge to start
2019-08-12T10:56:18.822557+08:00 0 [Note] InnoDB: 5.7.25 started; log sequence number 5894566
2019-08-12T10:56:18.823337+08:00 0 [Note] InnoDB: Loading buffer pool(s) from D:\phpEnv\server\mysql\mysql-57\data\ib_buffer_pool
2019-08-12T10:56:18.823395+08:00 0 [Note] Plugin 'FEDERATED' is disabled.
2019-08-12T10:56:18.830581+08:00 0 [Note] Server hostname (bind-address): '*'; port: 3306
2019-08-12T10:56:18.831509+08:00 0 [Note] IPv6 is available.
2019-08-12T10:56:18.831837+08:00 0 [Note]   - '::' resolves to '::';
2019-08-12T10:56:18.832231+08:00 0 [Note] Server socket created on IP: '::'.
2019-08-12T10:56:18.835398+08:00 0 [Note] InnoDB: Buffer pool(s) load completed at 190812 10:56:18
2019-08-12T10:56:18.850248+08:00 0 [Note] Failed to start slave threads for channel ''
2019-08-12T10:56:18.860690+08:00 0 [Note] Event Scheduler: Loaded 0 events
2019-08-12T10:56:18.861211+08:00 0 [Note] D:\phpEnv\server\mysql\mysql-57\bin\mysqld.exe: ready for connections.
Version: '5.7.25'  socket: ''  port: 3306  MySQL Community Server (GPL)
2019-08-12T10:56:23.972961+08:00 2 [Note] Access denied for user 'root'@'localhost' (using password: YES)
2019-08-15T17:25:45.171243+08:00 0 [Note] --secure-file-priv is set to NULL. Operations related to importing and exporting data are disabled
2019-08-15T17:25:45.172497+08:00 0 [Note] D:\phpEnv\server\mysql\mysql-57\bin\mysqld.exe (mysqld 5.7.25) starting as process 3672 ...
2019-08-15T17:25:45.182972+08:00 0 [Note] InnoDB: Mutexes and rw_locks use Windows interlocked functions
2019-08-15T17:25:45.183551+08:00 0 [Note] InnoDB: Uses event mutexes
2019-08-15T17:25:45.183926+08:00 0 [Note] InnoDB: _mm_lfence() and _mm_sfence() are used for memory barrier
2019-08-15T17:25:45.184453+08:00 0 [Note] InnoDB: Compressed tables use zlib 1.2.11
2019-08-15T17:25:45.185258+08:00 0 [Note] InnoDB: Number of pools: 1
2019-08-15T17:25:45.185785+08:00 0 [Note] InnoDB: Not using CPU crc32 instructions
2019-08-15T17:25:45.189277+08:00 0 [Note] InnoDB: Initializing buffer pool, total size = 128M, instances = 1, chunk size = 128M
2019-08-15T17:25:45.196629+08:00 0 [Note] InnoDB: Completed initialization of buffer pool
2019-08-15T17:25:45.218090+08:00 0 [Note] InnoDB: Highest supported file format is Barracuda.
2019-08-15T17:25:45.220439+08:00 0 [Note] InnoDB: Log scan progressed past the checkpoint lsn 5894585
2019-08-15T17:25:45.220994+08:00 0 [Note] InnoDB: Doing recovery: scanned up to log sequence number 5894594
2019-08-15T17:25:45.221631+08:00 0 [Note] InnoDB: Database was not shutdown normally!
2019-08-15T17:25:45.222108+08:00 0 [Note] InnoDB: Starting crash recovery.
2019-08-15T17:25:45.417637+08:00 0 [Note] InnoDB: Removed temporary tablespace data file: "ibtmp1"
2019-08-15T17:25:45.418176+08:00 0 [Note] InnoDB: Creating shared tablespace for temporary tables
2019-08-15T17:25:45.419134+08:00 0 [Note] InnoDB: Setting file '.\ibtmp1' size to 12 MB. Physically writing the file full; Please wait ...
2019-08-15T17:25:45.429106+08:00 0 [Note] InnoDB: File '.\ibtmp1' size is now 12 MB.
2019-08-15T17:25:45.431001+08:00 0 [Note] InnoDB: 96 redo rollback segment(s) found. 96 redo rollback segment(s) are active.
2019-08-15T17:25:45.431649+08:00 0 [Note] InnoDB: 32 non-redo rollback segment(s) are active.
2019-08-15T17:25:45.432637+08:00 0 [Note] InnoDB: Waiting for purge to start
2019-08-15T17:25:45.484316+08:00 0 [Note] InnoDB: 5.7.25 started; log sequence number 5894594
2019-08-15T17:25:45.485076+08:00 0 [Note] InnoDB: Loading buffer pool(s) from D:\phpEnv\server\mysql\mysql-57\data\ib_buffer_pool
2019-08-15T17:25:45.485265+08:00 0 [Note] Plugin 'FEDERATED' is disabled.
2019-08-15T17:25:45.494353+08:00 0 [Note] Server hostname (bind-address): '*'; port: 3306
2019-08-15T17:25:45.496312+08:00 0 [Note] IPv6 is available.
2019-08-15T17:25:45.496850+08:00 0 [Note]   - '::' resolves to '::';
2019-08-15T17:25:45.497443+08:00 0 [Note] Server socket created on IP: '::'.
2019-08-15T17:25:45.498873+08:00 0 [Note] InnoDB: Buffer pool(s) load completed at 190815 17:25:45
2019-08-15T17:25:45.529464+08:00 0 [Note] Failed to start slave threads for channel ''
2019-08-15T17:25:45.578061+08:00 0 [Note] Event Scheduler: Loaded 0 events
2019-08-15T17:25:45.578677+08:00 0 [Note] D:\phpEnv\server\mysql\mysql-57\bin\mysqld.exe: ready for connections.
Version: '5.7.25'  socket: ''  port: 3306  MySQL Community Server (GPL)
2019-08-15T17:25:56.086769+08:00 0 [Note] --secure-file-priv is set to NULL. Operations related to importing and exporting data are disabled
2019-08-15T17:25:56.087170+08:00 0 [Note] D:\phpEnv\server\mysql\mysql-57\bin\mysqld.exe (mysqld 5.7.25) starting as process 17632 ...
2019-08-15T17:25:56.094160+08:00 0 [Note] InnoDB: Mutexes and rw_locks use Windows interlocked functions
2019-08-15T17:25:56.094702+08:00 0 [Note] InnoDB: Uses event mutexes
2019-08-15T17:25:56.095081+08:00 0 [Note] InnoDB: _mm_lfence() and _mm_sfence() are used for memory barrier
2019-08-15T17:25:56.095750+08:00 0 [Note] InnoDB: Compressed tables use zlib 1.2.11
2019-08-15T17:25:56.096578+08:00 0 [Note] InnoDB: Number of pools: 1
2019-08-15T17:25:56.097123+08:00 0 [Note] InnoDB: Not using CPU crc32 instructions
2019-08-15T17:25:56.100849+08:00 0 [Note] InnoDB: Initializing buffer pool, total size = 128M, instances = 1, chunk size = 128M
2019-08-15T17:25:56.107394+08:00 0 [Note] InnoDB: Completed initialization of buffer pool
2019-08-15T17:25:56.129176+08:00 0 [Note] InnoDB: Highest supported file format is Barracuda.
2019-08-15T17:25:56.131624+08:00 0 [Note] InnoDB: Log scan progressed past the checkpoint lsn 5894613
2019-08-15T17:25:56.132134+08:00 0 [Note] InnoDB: Doing recovery: scanned up to log sequence number 5894622
2019-08-15T17:25:56.132635+08:00 0 [Note] InnoDB: Database was not shutdown normally!
2019-08-15T17:25:56.133057+08:00 0 [Note] InnoDB: Starting crash recovery.
2019-08-15T17:25:56.314335+08:00 0 [Note] InnoDB: Removed temporary tablespace data file: "ibtmp1"
2019-08-15T17:25:56.314900+08:00 0 [Note] InnoDB: Creating shared tablespace for temporary tables
2019-08-15T17:25:56.315814+08:00 0 [Note] InnoDB: Setting file '.\ibtmp1' size to 12 MB. Physically writing the file full; Please wait ...
2019-08-15T17:25:56.326383+08:00 0 [Note] InnoDB: File '.\ibtmp1' size is now 12 MB.
2019-08-15T17:25:56.328779+08:00 0 [Note] InnoDB: 96 redo rollback segment(s) found. 96 redo rollback segment(s) are active.
2019-08-15T17:25:56.329398+08:00 0 [Note] InnoDB: 32 non-redo rollback segment(s) are active.
2019-08-15T17:25:56.330302+08:00 0 [Note] InnoDB: Waiting for purge to start
2019-08-15T17:25:56.381461+08:00 0 [Note] InnoDB: 5.7.25 started; log sequence number 5894622
2019-08-15T17:25:56.382240+08:00 0 [Note] Plugin 'FEDERATED' is disabled.
2019-08-15T17:25:56.382257+08:00 0 [Note] InnoDB: Loading buffer pool(s) from D:\phpEnv\server\mysql\mysql-57\data\ib_buffer_pool
2019-08-15T17:25:56.389345+08:00 0 [Note] Server hostname (bind-address): '*'; port: 3306
2019-08-15T17:25:56.390469+08:00 0 [Note] IPv6 is available.
2019-08-15T17:25:56.390927+08:00 0 [Note]   - '::' resolves to '::';
2019-08-15T17:25:56.391514+08:00 0 [Note] Server socket created on IP: '::'.
2019-08-15T17:25:56.395984+08:00 0 [Note] InnoDB: Buffer pool(s) load completed at 190815 17:25:56
2019-08-15T17:25:56.412692+08:00 0 [Note] Failed to start slave threads for channel ''
2019-08-15T17:25:56.423616+08:00 0 [Note] Event Scheduler: Loaded 0 events
2019-08-15T17:25:56.424370+08:00 0 [Note] D:\phpEnv\server\mysql\mysql-57\bin\mysqld.exe: ready for connections.
Version: '5.7.25'  socket: ''  port: 3306  MySQL Community Server (GPL)
2019-08-15T17:25:57.438276+08:00 2 [Note] Access denied for user ''@'localhost' (using password: NO)
2019-08-19T16:50:58.075345+08:00 0 [Note] --secure-file-priv is set to NULL. Operations related to importing and exporting data are disabled
2019-08-19T16:50:58.076049+08:00 0 [Note] D:\phpEnv\server\mysql\mysql-57\bin\mysqld.exe (mysqld 5.7.25) starting as process 12028 ...
2019-08-19T16:50:58.087173+08:00 0 [Note] InnoDB: Mutexes and rw_locks use Windows interlocked functions
2019-08-19T16:50:58.087620+08:00 0 [Note] InnoDB: Uses event mutexes
2019-08-19T16:50:58.088063+08:00 0 [Note] InnoDB: _mm_lfence() and _mm_sfence() are used for memory barrier
2019-08-19T16:50:58.088420+08:00 0 [Note] InnoDB: Compressed tables use zlib 1.2.11
2019-08-19T16:50:58.089213+08:00 0 [Note] InnoDB: Number of pools: 1
2019-08-19T16:50:58.089752+08:00 0 [Note] InnoDB: Not using CPU crc32 instructions
2019-08-19T16:50:58.092773+08:00 0 [Note] InnoDB: Initializing buffer pool, total size = 128M, instances = 1, chunk size = 128M
2019-08-19T16:50:58.100893+08:00 0 [Note] InnoDB: Completed initialization of buffer pool
2019-08-19T16:50:58.126351+08:00 0 [Note] InnoDB: Highest supported file format is Barracuda.
2019-08-19T16:50:58.129031+08:00 0 [Note] InnoDB: Log scan progressed past the checkpoint lsn 5894675
2019-08-19T16:50:58.129533+08:00 0 [Note] InnoDB: Doing recovery: scanned up to log sequence number 5894684
2019-08-19T16:50:58.130068+08:00 0 [Note] InnoDB: Database was not shutdown normally!
2019-08-19T16:50:58.130639+08:00 0 [Note] InnoDB: Starting crash recovery.
2019-08-19T16:50:58.317717+08:00 0 [Note] InnoDB: Removed temporary tablespace data file: "ibtmp1"
2019-08-19T16:50:58.318113+08:00 0 [Note] InnoDB: Creating shared tablespace for temporary tables
2019-08-19T16:50:58.318710+08:00 0 [Note] InnoDB: Setting file '.\ibtmp1' size to 12 MB. Physically writing the file full; Please wait ...
2019-08-19T16:50:58.328589+08:00 0 [Note] InnoDB: File '.\ibtmp1' size is now 12 MB.
2019-08-19T16:50:58.330270+08:00 0 [Note] InnoDB: 96 redo rollback segment(s) found. 96 redo rollback segment(s) are active.
2019-08-19T16:50:58.330887+08:00 0 [Note] InnoDB: 32 non-redo rollback segment(s) are active.
2019-08-19T16:50:58.331448+08:00 0 [Note] InnoDB: Waiting for purge to start
2019-08-19T16:50:58.382772+08:00 0 [Note] InnoDB: 5.7.25 started; log sequence number 5894684
2019-08-19T16:50:58.383491+08:00 0 [Note] InnoDB: Loading buffer pool(s) from D:\phpEnv\server\mysql\mysql-57\data\ib_buffer_pool
2019-08-19T16:50:58.383678+08:00 0 [Note] Plugin 'FEDERATED' is disabled.
2019-08-19T16:50:58.390613+08:00 0 [Note] Server hostname (bind-address): '*'; port: 3306
2019-08-19T16:50:58.391585+08:00 0 [Note] IPv6 is available.
2019-08-19T16:50:58.391849+08:00 0 [Note]   - '::' resolves to '::';
2019-08-19T16:50:58.392141+08:00 0 [Note] Server socket created on IP: '::'.
2019-08-19T16:50:58.396402+08:00 0 [Note] InnoDB: Buffer pool(s) load completed at 190819 16:50:58
2019-08-19T16:50:58.417927+08:00 0 [Note] Failed to start slave threads for channel ''
2019-08-19T16:50:58.457256+08:00 0 [Note] Event Scheduler: Loaded 0 events
2019-08-19T16:50:58.457689+08:00 0 [Note] D:\phpEnv\server\mysql\mysql-57\bin\mysqld.exe: ready for connections.
Version: '5.7.25'  socket: ''  port: 3306  MySQL Community Server (GPL)
2019-08-22T10:53:11.288411+08:00 0 [Note] --secure-file-priv is set to NULL. Operations related to importing and exporting data are disabled
2019-08-22T10:53:11.288903+08:00 0 [Note] D:\phpEnv\server\mysql\mysql-57\bin\mysqld.exe (mysqld 5.7.25) starting as process 11788 ...
2019-08-22T10:53:11.298528+08:00 0 [Note] InnoDB: Mutexes and rw_locks use Windows interlocked functions
2019-08-22T10:53:11.299092+08:00 0 [Note] InnoDB: Uses event mutexes
2019-08-22T10:53:11.299490+08:00 0 [Note] InnoDB: _mm_lfence() and _mm_sfence() are used for memory barrier
2019-08-22T10:53:11.300051+08:00 0 [Note] InnoDB: Compressed tables use zlib 1.2.11
2019-08-22T10:53:11.300882+08:00 0 [Note] InnoDB: Number of pools: 1
2019-08-22T10:53:11.301432+08:00 0 [Note] InnoDB: Not using CPU crc32 instructions
2019-08-22T10:53:11.304539+08:00 0 [Note] InnoDB: Initializing buffer pool, total size = 128M, instances = 1, chunk size = 128M
2019-08-22T10:53:11.311177+08:00 0 [Note] InnoDB: Completed initialization of buffer pool
2019-08-22T10:53:11.333749+08:00 0 [Note] InnoDB: Highest supported file format is Barracuda.
2019-08-22T10:53:11.336642+08:00 0 [Note] InnoDB: Log scan progressed past the checkpoint lsn 5894703
2019-08-22T10:53:11.337193+08:00 0 [Note] InnoDB: Doing recovery: scanned up to log sequence number 5894712
2019-08-22T10:53:11.337800+08:00 0 [Note] InnoDB: Database was not shutdown normally!
2019-08-22T10:53:11.338206+08:00 0 [Note] InnoDB: Starting crash recovery.
2019-08-22T10:53:11.537526+08:00 0 [Note] InnoDB: Removed temporary tablespace data file: "ibtmp1"
2019-08-22T10:53:11.538042+08:00 0 [Note] InnoDB: Creating shared tablespace for temporary tables
2019-08-22T10:53:11.538725+08:00 0 [Note] InnoDB: Setting file '.\ibtmp1' size to 12 MB. Physically writing the file full; Please wait ...
2019-08-22T10:53:11.547828+08:00 0 [Note] InnoDB: File '.\ibtmp1' size is now 12 MB.
2019-08-22T10:53:11.549770+08:00 0 [Note] InnoDB: 96 redo rollback segment(s) found. 96 redo rollback segment(s) are active.
2019-08-22T10:53:11.550381+08:00 0 [Note] InnoDB: 32 non-redo rollback segment(s) are active.
2019-08-22T10:53:11.551104+08:00 0 [Note] InnoDB: Waiting for purge to start
2019-08-22T10:53:11.614877+08:00 0 [Note] InnoDB: 5.7.25 started; log sequence number 5894712
2019-08-22T10:53:11.616144+08:00 0 [Note] InnoDB: Loading buffer pool(s) from D:\phpEnv\server\mysql\mysql-57\data\ib_buffer_pool
2019-08-22T10:53:11.616225+08:00 0 [Note] Plugin 'FEDERATED' is disabled.
2019-08-22T10:53:11.625310+08:00 0 [Note] Server hostname (bind-address): '*'; port: 3306
2019-08-22T10:53:11.626217+08:00 0 [Note] IPv6 is available.
2019-08-22T10:53:11.626586+08:00 0 [Note]   - '::' resolves to '::';
2019-08-22T10:53:11.627162+08:00 0 [Note] Server socket created on IP: '::'.
2019-08-22T10:53:11.631476+08:00 0 [Note] InnoDB: Buffer pool(s) load completed at 190822 10:53:11
2019-08-22T10:53:11.655348+08:00 0 [Note] Failed to start slave threads for channel ''
2019-08-22T10:53:11.694184+08:00 0 [Note] Event Scheduler: Loaded 0 events
2019-08-22T10:53:11.694636+08:00 0 [Note] Execution of init_file 'D:\phpEnv\server\mysql\mysql-57\reset-password.txt' started.
2019-08-22T10:53:11.696153+08:00 0 [Note] Execution of init_file 'D:\phpEnv\server\mysql\mysql-57\reset-password.txt' ended.
2019-08-22T10:53:11.696832+08:00 0 [Note] D:\phpEnv\server\mysql\mysql-57\bin\mysqld.exe: ready for connections.
Version: '5.7.25'  socket: ''  port: 3306  MySQL Community Server (GPL)
2019-08-22T10:55:59.128380+08:00 0 [Note] --secure-file-priv is set to NULL. Operations related to importing and exporting data are disabled
2019-08-22T10:55:59.128803+08:00 0 [Note] D:\phpEnv\server\mysql\mysql-57\bin\mysqld.exe (mysqld 5.7.25) starting as process 5540 ...
2019-08-22T10:55:59.135312+08:00 0 [Note] InnoDB: Mutexes and rw_locks use Windows interlocked functions
2019-08-22T10:55:59.135892+08:00 0 [Note] InnoDB: Uses event mutexes
2019-08-22T10:55:59.136256+08:00 0 [Note] InnoDB: _mm_lfence() and _mm_sfence() are used for memory barrier
2019-08-22T10:55:59.136768+08:00 0 [Note] InnoDB: Compressed tables use zlib 1.2.11
2019-08-22T10:55:59.137482+08:00 0 [Note] InnoDB: Number of pools: 1
2019-08-22T10:55:59.137953+08:00 0 [Note] InnoDB: Not using CPU crc32 instructions
2019-08-22T10:55:59.140575+08:00 0 [Note] InnoDB: Initializing buffer pool, total size = 128M, instances = 1, chunk size = 128M
2019-08-22T10:55:59.146778+08:00 0 [Note] InnoDB: Completed initialization of buffer pool
2019-08-22T10:55:59.167766+08:00 0 [Note] InnoDB: Highest supported file format is Barracuda.
2019-08-22T10:55:59.170413+08:00 0 [Note] InnoDB: Log scan progressed past the checkpoint lsn 5894703
2019-08-22T10:55:59.170937+08:00 0 [Note] InnoDB: Doing recovery: scanned up to log sequence number 5894712
2019-08-22T10:55:59.171437+08:00 0 [Note] InnoDB: Database was not shutdown normally!
2019-08-22T10:55:59.171861+08:00 0 [Note] InnoDB: Starting crash recovery.
2019-08-22T10:55:59.348839+08:00 0 [Note] InnoDB: Removed temporary tablespace data file: "ibtmp1"
2019-08-22T10:55:59.349423+08:00 0 [Note] InnoDB: Creating shared tablespace for temporary tables
2019-08-22T10:55:59.350255+08:00 0 [Note] InnoDB: Setting file '.\ibtmp1' size to 12 MB. Physically writing the file full; Please wait ...
2019-08-22T10:55:59.359323+08:00 0 [Note] InnoDB: File '.\ibtmp1' size is now 12 MB.
2019-08-22T10:55:59.360979+08:00 0 [Note] InnoDB: 96 redo rollback segment(s) found. 96 redo rollback segment(s) are active.
2019-08-22T10:55:59.361581+08:00 0 [Note] InnoDB: 32 non-redo rollback segment(s) are active.
2019-08-22T10:55:59.362382+08:00 0 [Note] InnoDB: Waiting for purge to start
2019-08-22T10:55:59.413144+08:00 0 [Note] InnoDB: 5.7.25 started; log sequence number 5894712
2019-08-22T10:55:59.413914+08:00 0 [Note] InnoDB: Loading buffer pool(s) from D:\phpEnv\server\mysql\mysql-57\data\ib_buffer_pool
2019-08-22T10:55:59.413947+08:00 0 [Note] Plugin 'FEDERATED' is disabled.
2019-08-22T10:55:59.421705+08:00 0 [Note] Server hostname (bind-address): '*'; port: 3306
2019-08-22T10:55:59.422561+08:00 0 [Note] IPv6 is available.
2019-08-22T10:55:59.422915+08:00 0 [Note]   - '::' resolves to '::';
2019-08-22T10:55:59.423315+08:00 0 [Note] Server socket created on IP: '::'.
2019-08-22T10:55:59.427586+08:00 0 [Note] InnoDB: Buffer pool(s) load completed at 190822 10:55:59
2019-08-22T10:55:59.443483+08:00 0 [Note] Failed to start slave threads for channel ''
2019-08-22T10:55:59.454655+08:00 0 [Note] Event Scheduler: Loaded 0 events
2019-08-22T10:55:59.455213+08:00 0 [Note] D:\phpEnv\server\mysql\mysql-57\bin\mysqld.exe: ready for connections.
Version: '5.7.25'  socket: ''  port: 3306  MySQL Community Server (GPL)
2019-08-22T10:56:05.122264+08:00 2 [Note] Aborted connection 2 to db: 'unconnected' user: 'root' host: 'localhost' (Got an error reading communication packets)
2019-08-22T10:56:12.156638+08:00 0 [Note] --secure-file-priv is set to NULL. Operations related to importing and exporting data are disabled
2019-08-22T10:56:12.157000+08:00 0 [Note] D:\phpEnv\server\mysql\mysql-57\bin\mysqld.exe (mysqld 5.7.25) starting as process 11640 ...
2019-08-22T10:56:12.163238+08:00 0 [Note] InnoDB: Mutexes and rw_locks use Windows interlocked functions
2019-08-22T10:56:12.163805+08:00 0 [Note] InnoDB: Uses event mutexes
2019-08-22T10:56:12.164162+08:00 0 [Note] InnoDB: _mm_lfence() and _mm_sfence() are used for memory barrier
2019-08-22T10:56:12.164673+08:00 0 [Note] InnoDB: Compressed tables use zlib 1.2.11
2019-08-22T10:56:12.165405+08:00 0 [Note] InnoDB: Number of pools: 1
2019-08-22T10:56:12.165930+08:00 0 [Note] InnoDB: Not using CPU crc32 instructions
2019-08-22T10:56:12.168584+08:00 0 [Note] InnoDB: Initializing buffer pool, total size = 128M, instances = 1, chunk size = 128M
2019-08-22T10:56:12.174568+08:00 0 [Note] InnoDB: Completed initialization of buffer pool
2019-08-22T10:56:12.195531+08:00 0 [Note] InnoDB: Highest supported file format is Barracuda.
2019-08-22T10:56:12.198142+08:00 0 [Note] InnoDB: Log scan progressed past the checkpoint lsn 5894731
2019-08-22T10:56:12.198654+08:00 0 [Note] InnoDB: Doing recovery: scanned up to log sequence number 5894740
2019-08-22T10:56:12.199158+08:00 0 [Note] InnoDB: Database was not shutdown normally!
2019-08-22T10:56:12.199581+08:00 0 [Note] InnoDB: Starting crash recovery.
2019-08-22T10:56:12.374685+08:00 0 [Note] InnoDB: Removed temporary tablespace data file: "ibtmp1"
2019-08-22T10:56:12.375218+08:00 0 [Note] InnoDB: Creating shared tablespace for temporary tables
2019-08-22T10:56:12.375999+08:00 0 [Note] InnoDB: Setting file '.\ibtmp1' size to 12 MB. Physically writing the file full; Please wait ...
2019-08-22T10:56:12.385940+08:00 0 [Note] InnoDB: File '.\ibtmp1' size is now 12 MB.
2019-08-22T10:56:12.387678+08:00 0 [Note] InnoDB: 96 redo rollback segment(s) found. 96 redo rollback segment(s) are active.
2019-08-22T10:56:12.388272+08:00 0 [Note] InnoDB: 32 non-redo rollback segment(s) are active.
2019-08-22T10:56:12.388987+08:00 0 [Note] InnoDB: Waiting for purge to start
2019-08-22T10:56:12.440701+08:00 0 [Note] InnoDB: 5.7.25 started; log sequence number 5894740
2019-08-22T10:56:12.441489+08:00 0 [Note] InnoDB: Loading buffer pool(s) from D:\phpEnv\server\mysql\mysql-57\data\ib_buffer_pool
2019-08-22T10:56:12.441566+08:00 0 [Note] Plugin 'FEDERATED' is disabled.
2019-08-22T10:56:12.448556+08:00 0 [Note] Server hostname (bind-address): '*'; port: 3306
2019-08-22T10:56:12.449407+08:00 0 [Note] IPv6 is available.
2019-08-22T10:56:12.449740+08:00 0 [Note]   - '::' resolves to '::';
2019-08-22T10:56:12.450148+08:00 0 [Note] Server socket created on IP: '::'.
2019-08-22T10:56:12.456263+08:00 0 [Note] InnoDB: Buffer pool(s) load completed at 190822 10:56:12
2019-08-22T10:56:12.469378+08:00 0 [Note] Failed to start slave threads for channel ''
2019-08-22T10:56:12.479611+08:00 0 [Note] Event Scheduler: Loaded 0 events
2019-08-22T10:56:12.480074+08:00 0 [Note] Execution of init_file 'D:\phpEnv\server\mysql\mysql-57\reset-password.txt' started.
2019-08-22T10:56:12.481416+08:00 0 [Note] Execution of init_file 'D:\phpEnv\server\mysql\mysql-57\reset-password.txt' ended.
2019-08-22T10:56:12.482091+08:00 0 [Note] D:\phpEnv\server\mysql\mysql-57\bin\mysqld.exe: ready for connections.
Version: '5.7.25'  socket: ''  port: 3306  MySQL Community Server (GPL)
2019-08-22T10:56:14.222798+08:00 0 [Note] --secure-file-priv is set to NULL. Operations related to importing and exporting data are disabled
2019-08-22T10:56:14.223150+08:00 0 [Note] D:\phpEnv\server\mysql\mysql-57\bin\mysqld.exe (mysqld 5.7.25) starting as process 6792 ...
2019-08-22T10:56:14.230220+08:00 0 [Note] InnoDB: Mutexes and rw_locks use Windows interlocked functions
2019-08-22T10:56:14.230800+08:00 0 [Note] InnoDB: Uses event mutexes
2019-08-22T10:56:14.231157+08:00 0 [Note] InnoDB: _mm_lfence() and _mm_sfence() are used for memory barrier
2019-08-22T10:56:14.231652+08:00 0 [Note] InnoDB: Compressed tables use zlib 1.2.11
2019-08-22T10:56:14.232365+08:00 0 [Note] InnoDB: Number of pools: 1
2019-08-22T10:56:14.232827+08:00 0 [Note] InnoDB: Not using CPU crc32 instructions
2019-08-22T10:56:14.235496+08:00 0 [Note] InnoDB: Initializing buffer pool, total size = 128M, instances = 1, chunk size = 128M
2019-08-22T10:56:14.242288+08:00 0 [Note] InnoDB: Completed initialization of buffer pool
2019-08-22T10:56:14.263823+08:00 0 [Note] InnoDB: Highest supported file format is Barracuda.
2019-08-22T10:56:14.266242+08:00 0 [Note] InnoDB: Log scan progressed past the checkpoint lsn 5894731
2019-08-22T10:56:14.266746+08:00 0 [Note] InnoDB: Doing recovery: scanned up to log sequence number 5894740
2019-08-22T10:56:14.267269+08:00 0 [Note] InnoDB: Database was not shutdown normally!
2019-08-22T10:56:14.267675+08:00 0 [Note] InnoDB: Starting crash recovery.
2019-08-22T10:56:14.448459+08:00 0 [Note] InnoDB: Removed temporary tablespace data file: "ibtmp1"
2019-08-22T10:56:14.448975+08:00 0 [Note] InnoDB: Creating shared tablespace for temporary tables
2019-08-22T10:56:14.449726+08:00 0 [Note] InnoDB: Setting file '.\ibtmp1' size to 12 MB. Physically writing the file full; Please wait ...
2019-08-22T10:56:14.461264+08:00 0 [Note] InnoDB: File '.\ibtmp1' size is now 12 MB.
2019-08-22T10:56:14.462944+08:00 0 [Note] InnoDB: 96 redo rollback segment(s) found. 96 redo rollback segment(s) are active.
2019-08-22T10:56:14.463533+08:00 0 [Note] InnoDB: 32 non-redo rollback segment(s) are active.
2019-08-22T10:56:14.464320+08:00 0 [Note] InnoDB: Waiting for purge to start
2019-08-22T10:56:14.515405+08:00 0 [Note] InnoDB: 5.7.25 started; log sequence number 5894740
2019-08-22T10:56:14.516288+08:00 0 [Note] InnoDB: Loading buffer pool(s) from D:\phpEnv\server\mysql\mysql-57\data\ib_buffer_pool
2019-08-22T10:56:14.516315+08:00 0 [Note] Plugin 'FEDERATED' is disabled.
2019-08-22T10:56:14.523294+08:00 0 [Note] Server hostname (bind-address): '*'; port: 3306
2019-08-22T10:56:14.524533+08:00 0 [Note] IPv6 is available.
2019-08-22T10:56:14.524968+08:00 0 [Note]   - '::' resolves to '::';
2019-08-22T10:56:14.525377+08:00 0 [Note] Server socket created on IP: '::'.
2019-08-22T10:56:14.529429+08:00 0 [Note] InnoDB: Buffer pool(s) load completed at 190822 10:56:14
2019-08-22T10:56:14.544280+08:00 0 [Note] Failed to start slave threads for channel ''
2019-08-22T10:56:14.554360+08:00 0 [Note] Event Scheduler: Loaded 0 events
2019-08-22T10:56:14.554927+08:00 0 [Note] D:\phpEnv\server\mysql\mysql-57\bin\mysqld.exe: ready for connections.
Version: '5.7.25'  socket: ''  port: 3306  MySQL Community Server (GPL)
2019-08-22T10:56:19.135396+08:00 2 [Note] Aborted connection 2 to db: 'unconnected' user: 'root' host: 'localhost' (Got an error reading communication packets)
2019-08-22T11:38:38.910491+08:00 0 [Note] --secure-file-priv is set to NULL. Operations related to importing and exporting data are disabled
2019-08-22T11:38:38.910975+08:00 0 [Note] D:\phpEnv\server\mysql\mysql-57\bin\mysqld.exe (mysqld 5.7.25) starting as process 12828 ...
2019-08-22T11:38:38.918928+08:00 0 [Note] InnoDB: Mutexes and rw_locks use Windows interlocked functions
2019-08-22T11:38:38.919547+08:00 0 [Note] InnoDB: Uses event mutexes
2019-08-22T11:38:38.919967+08:00 0 [Note] InnoDB: _mm_lfence() and _mm_sfence() are used for memory barrier
2019-08-22T11:38:38.920474+08:00 0 [Note] InnoDB: Compressed tables use zlib 1.2.11
2019-08-22T11:38:38.921263+08:00 0 [Note] InnoDB: Number of pools: 1
2019-08-22T11:38:38.921843+08:00 0 [Note] InnoDB: Not using CPU crc32 instructions
2019-08-22T11:38:38.924725+08:00 0 [Note] InnoDB: Initializing buffer pool, total size = 128M, instances = 1, chunk size = 128M
2019-08-22T11:38:38.931286+08:00 0 [Note] InnoDB: Completed initialization of buffer pool
2019-08-22T11:38:38.954604+08:00 0 [Note] InnoDB: Highest supported file format is Barracuda.
2019-08-22T11:38:38.958304+08:00 0 [Note] InnoDB: Log scan progressed past the checkpoint lsn 5894759
2019-08-22T11:38:38.958832+08:00 0 [Note] InnoDB: Doing recovery: scanned up to log sequence number 5894768
2019-08-22T11:38:38.959353+08:00 0 [Note] InnoDB: Database was not shutdown normally!
2019-08-22T11:38:38.959765+08:00 0 [Note] InnoDB: Starting crash recovery.
2019-08-22T11:38:39.135569+08:00 0 [Note] InnoDB: Removed temporary tablespace data file: "ibtmp1"
2019-08-22T11:38:39.136087+08:00 0 [Note] InnoDB: Creating shared tablespace for temporary tables
2019-08-22T11:38:39.136804+08:00 0 [Note] InnoDB: Setting file '.\ibtmp1' size to 12 MB. Physically writing the file full; Please wait ...
2019-08-22T11:38:39.145559+08:00 0 [Note] InnoDB: File '.\ibtmp1' size is now 12 MB.
2019-08-22T11:38:39.147206+08:00 0 [Note] InnoDB: 96 redo rollback segment(s) found. 96 redo rollback segment(s) are active.
2019-08-22T11:38:39.147791+08:00 0 [Note] InnoDB: 32 non-redo rollback segment(s) are active.
2019-08-22T11:38:39.148608+08:00 0 [Note] InnoDB: Waiting for purge to start
2019-08-22T11:38:39.199590+08:00 0 [Note] InnoDB: 5.7.25 started; log sequence number 5894768
2019-08-22T11:38:39.200298+08:00 0 [Note] InnoDB: Loading buffer pool(s) from D:\phpEnv\server\mysql\mysql-57\data\ib_buffer_pool
2019-08-22T11:38:39.200387+08:00 0 [Note] Plugin 'FEDERATED' is disabled.
2019-08-22T11:38:39.207308+08:00 0 [Note] Server hostname (bind-address): '*'; port: 3306
2019-08-22T11:38:39.208224+08:00 0 [Note] IPv6 is available.
2019-08-22T11:38:39.208623+08:00 0 [Note]   - '::' resolves to '::';
2019-08-22T11:38:39.209020+08:00 0 [Note] Server socket created on IP: '::'.
2019-08-22T11:38:39.212779+08:00 0 [Note] InnoDB: Buffer pool(s) load completed at 190822 11:38:39
2019-08-22T11:38:39.229485+08:00 0 [Note] Failed to start slave threads for channel ''
2019-08-22T11:38:39.242854+08:00 0 [Note] Event Scheduler: Loaded 0 events
2019-08-22T11:38:39.243459+08:00 0 [Note] D:\phpEnv\server\mysql\mysql-57\bin\mysqld.exe: ready for connections.
Version: '5.7.25'  socket: ''  port: 3306  MySQL Community Server (GPL)
2019-08-22T11:38:40.551857+08:00 2 [Note] Access denied for user ''@'localhost' (using password: NO)
2019-08-22T11:38:41.711941+08:00 3 [Note] Access denied for user ''@'localhost' (using password: NO)
2019-08-22T11:38:46.563836+08:00 4 [Note] Access denied for user ''@'localhost' (using password: NO)
2019-08-22T11:39:18.390975+08:00 0 [Note] --secure-file-priv is set to NULL. Operations related to importing and exporting data are disabled
2019-08-22T11:39:18.391398+08:00 0 [Note] D:\phpEnv\server\mysql\mysql-57\bin\mysqld.exe (mysqld 5.7.25) starting as process 2448 ...
2019-08-22T11:39:18.397846+08:00 0 [Note] InnoDB: Mutexes and rw_locks use Windows interlocked functions
2019-08-22T11:39:18.398401+08:00 0 [Note] InnoDB: Uses event mutexes
2019-08-22T11:39:18.398769+08:00 0 [Note] InnoDB: _mm_lfence() and _mm_sfence() are used for memory barrier
2019-08-22T11:39:18.399265+08:00 0 [Note] InnoDB: Compressed tables use zlib 1.2.11
2019-08-22T11:39:18.399978+08:00 0 [Note] InnoDB: Number of pools: 1
2019-08-22T11:39:18.400455+08:00 0 [Note] InnoDB: Not using CPU crc32 instructions
2019-08-22T11:39:18.403248+08:00 0 [Note] InnoDB: Initializing buffer pool, total size = 128M, instances = 1, chunk size = 128M
2019-08-22T11:39:18.409200+08:00 0 [Note] InnoDB: Completed initialization of buffer pool
2019-08-22T11:39:18.430778+08:00 0 [Note] InnoDB: Highest supported file format is Barracuda.
2019-08-22T11:39:18.433222+08:00 0 [Note] InnoDB: Log scan progressed past the checkpoint lsn 5894787
2019-08-22T11:39:18.433732+08:00 0 [Note] InnoDB: Doing recovery: scanned up to log sequence number 5894796
2019-08-22T11:39:18.434246+08:00 0 [Note] InnoDB: Database was not shutdown normally!
2019-08-22T11:39:18.434653+08:00 0 [Note] InnoDB: Starting crash recovery.
2019-08-22T11:39:18.613609+08:00 0 [Note] InnoDB: Removed temporary tablespace data file: "ibtmp1"
2019-08-22T11:39:18.614129+08:00 0 [Note] InnoDB: Creating shared tablespace for temporary tables
2019-08-22T11:39:18.614944+08:00 0 [Note] InnoDB: Setting file '.\ibtmp1' size to 12 MB. Physically writing the file full; Please wait ...
2019-08-22T11:39:18.623638+08:00 0 [Note] InnoDB: File '.\ibtmp1' size is now 12 MB.
2019-08-22T11:39:18.625268+08:00 0 [Note] InnoDB: 96 redo rollback segment(s) found. 96 redo rollback segment(s) are active.
2019-08-22T11:39:18.625881+08:00 0 [Note] InnoDB: 32 non-redo rollback segment(s) are active.
2019-08-22T11:39:18.626732+08:00 0 [Note] InnoDB: Waiting for purge to start
2019-08-22T11:39:18.677665+08:00 0 [Note] InnoDB: 5.7.25 started; log sequence number 5894796
2019-08-22T11:39:18.678468+08:00 0 [Note] InnoDB: Loading buffer pool(s) from D:\phpEnv\server\mysql\mysql-57\data\ib_buffer_pool
2019-08-22T11:39:18.678469+08:00 0 [Note] Plugin 'FEDERATED' is disabled.
2019-08-22T11:39:18.685260+08:00 0 [Note] Server hostname (bind-address): '*'; port: 3306
2019-08-22T11:39:18.686376+08:00 0 [Note] IPv6 is available.
2019-08-22T11:39:18.686712+08:00 0 [Note]   - '::' resolves to '::';
2019-08-22T11:39:18.687107+08:00 0 [Note] Server socket created on IP: '::'.
2019-08-22T11:39:18.691394+08:00 0 [Note] InnoDB: Buffer pool(s) load completed at 190822 11:39:18
2019-08-22T11:39:18.705655+08:00 0 [Note] Failed to start slave threads for channel ''
2019-08-22T11:39:18.715804+08:00 0 [Note] Event Scheduler: Loaded 0 events
2019-08-22T11:39:18.716349+08:00 0 [Note] D:\phpEnv\server\mysql\mysql-57\bin\mysqld.exe: ready for connections.
Version: '5.7.25'  socket: ''  port: 3306  MySQL Community Server (GPL)
2019-08-22T12:19:04.688959+08:00 0 [Note] --secure-file-priv is set to NULL. Operations related to importing and exporting data are disabled
2019-08-22T12:19:04.689461+08:00 0 [Note] D:\phpEnv\server\mysql\mysql-57\bin\mysqld.exe (mysqld 5.7.25) starting as process 7104 ...
2019-08-22T12:19:04.696422+08:00 0 [Note] InnoDB: Mutexes and rw_locks use Windows interlocked functions
2019-08-22T12:19:04.696978+08:00 0 [Note] InnoDB: Uses event mutexes
2019-08-22T12:19:04.697382+08:00 0 [Note] InnoDB: _mm_lfence() and _mm_sfence() are used for memory barrier
2019-08-22T12:19:04.697935+08:00 0 [Note] InnoDB: Compressed tables use zlib 1.2.11
2019-08-22T12:19:04.698874+08:00 0 [Note] InnoDB: Number of pools: 1
2019-08-22T12:19:04.699398+08:00 0 [Note] InnoDB: Not using CPU crc32 instructions
2019-08-22T12:19:04.702571+08:00 0 [Note] InnoDB: Initializing buffer pool, total size = 128M, instances = 1, chunk size = 128M
2019-08-22T12:19:04.709223+08:00 0 [Note] InnoDB: Completed initialization of buffer pool
2019-08-22T12:19:04.730758+08:00 0 [Note] InnoDB: Highest supported file format is Barracuda.
2019-08-22T12:19:04.733456+08:00 0 [Note] InnoDB: Log scan progressed past the checkpoint lsn 5894815
2019-08-22T12:19:04.733990+08:00 0 [Note] InnoDB: Doing recovery: scanned up to log sequence number 5894824
2019-08-22T12:19:04.734497+08:00 0 [Note] InnoDB: Database was not shutdown normally!
2019-08-22T12:19:04.734915+08:00 0 [Note] InnoDB: Starting crash recovery.
2019-08-22T12:19:04.910234+08:00 0 [Note] InnoDB: Removed temporary tablespace data file: "ibtmp1"
2019-08-22T12:19:04.910749+08:00 0 [Note] InnoDB: Creating shared tablespace for temporary tables
2019-08-22T12:19:04.911663+08:00 0 [Note] InnoDB: Setting file '.\ibtmp1' size to 12 MB. Physically writing the file full; Please wait ...
2019-08-22T12:19:04.920932+08:00 0 [Note] InnoDB: File '.\ibtmp1' size is now 12 MB.
2019-08-22T12:19:04.922606+08:00 0 [Note] InnoDB: 96 redo rollback segment(s) found. 96 redo rollback segment(s) are active.
2019-08-22T12:19:04.923319+08:00 0 [Note] InnoDB: 32 non-redo rollback segment(s) are active.
2019-08-22T12:19:04.924283+08:00 0 [Note] InnoDB: Waiting for purge to start
2019-08-22T12:19:04.976180+08:00 0 [Note] InnoDB: 5.7.25 started; log sequence number 5894824
2019-08-22T12:19:04.976974+08:00 0 [Note] InnoDB: Loading buffer pool(s) from D:\phpEnv\server\mysql\mysql-57\data\ib_buffer_pool
2019-08-22T12:19:04.977053+08:00 0 [Note] Plugin 'FEDERATED' is disabled.
2019-08-22T12:19:04.984632+08:00 0 [Note] Server hostname (bind-address): '*'; port: 3306
2019-08-22T12:19:04.985525+08:00 0 [Note] IPv6 is available.
2019-08-22T12:19:04.985859+08:00 0 [Note]   - '::' resolves to '::';
2019-08-22T12:19:04.986265+08:00 0 [Note] Server socket created on IP: '::'.
2019-08-22T12:19:04.990244+08:00 0 [Note] InnoDB: Buffer pool(s) load completed at 190822 12:19:04
2019-08-22T12:19:05.007014+08:00 0 [Note] Failed to start slave threads for channel ''
2019-08-22T12:19:05.021321+08:00 0 [Note] Event Scheduler: Loaded 0 events
2019-08-22T12:19:05.021900+08:00 0 [Note] D:\phpEnv\server\mysql\mysql-57\bin\mysqld.exe: ready for connections.
Version: '5.7.25'  socket: ''  port: 3306  MySQL Community Server (GPL)
2019-08-22T12:21:54.344465+08:00 0 [Note] --secure-file-priv is set to NULL. Operations related to importing and exporting data are disabled
2019-08-22T12:21:54.344866+08:00 0 [Note] D:\phpEnv\server\mysql\mysql-57\bin\mysqld.exe (mysqld 5.7.25) starting as process 9384 ...
2019-08-22T12:21:54.351930+08:00 0 [Note] InnoDB: Mutexes and rw_locks use Windows interlocked functions
2019-08-22T12:21:54.352513+08:00 0 [Note] InnoDB: Uses event mutexes
2019-08-22T12:21:54.352895+08:00 0 [Note] InnoDB: _mm_lfence() and _mm_sfence() are used for memory barrier
2019-08-22T12:21:54.353391+08:00 0 [Note] InnoDB: Compressed tables use zlib 1.2.11
2019-08-22T12:21:54.354101+08:00 0 [Note] InnoDB: Number of pools: 1
2019-08-22T12:21:54.354593+08:00 0 [Note] InnoDB: Not using CPU crc32 instructions
2019-08-22T12:21:54.357759+08:00 0 [Note] InnoDB: Initializing buffer pool, total size = 128M, instances = 1, chunk size = 128M
2019-08-22T12:21:54.364301+08:00 0 [Note] InnoDB: Completed initialization of buffer pool
2019-08-22T12:21:54.385112+08:00 0 [Note] InnoDB: Highest supported file format is Barracuda.
2019-08-22T12:21:54.387825+08:00 0 [Note] InnoDB: Log scan progressed past the checkpoint lsn 5894843
2019-08-22T12:21:54.388398+08:00 0 [Note] InnoDB: Doing recovery: scanned up to log sequence number 5894852
2019-08-22T12:21:54.389041+08:00 0 [Note] InnoDB: Database was not shutdown normally!
2019-08-22T12:21:54.389450+08:00 0 [Note] InnoDB: Starting crash recovery.
2019-08-22T12:21:54.568792+08:00 0 [Note] InnoDB: Removed temporary tablespace data file: "ibtmp1"
2019-08-22T12:21:54.569318+08:00 0 [Note] InnoDB: Creating shared tablespace for temporary tables
2019-08-22T12:21:54.570178+08:00 0 [Note] InnoDB: Setting file '.\ibtmp1' size to 12 MB. Physically writing the file full; Please wait ...
2019-08-22T12:21:54.579710+08:00 0 [Note] InnoDB: File '.\ibtmp1' size is now 12 MB.
2019-08-22T12:21:54.581404+08:00 0 [Note] InnoDB: 96 redo rollback segment(s) found. 96 redo rollback segment(s) are active.
2019-08-22T12:21:54.581991+08:00 0 [Note] InnoDB: 32 non-redo rollback segment(s) are active.
2019-08-22T12:21:54.582678+08:00 0 [Note] InnoDB: Waiting for purge to start
2019-08-22T12:21:54.634014+08:00 0 [Note] InnoDB: 5.7.25 started; log sequence number 5894852
2019-08-22T12:21:54.634787+08:00 0 [Note] InnoDB: Loading buffer pool(s) from D:\phpEnv\server\mysql\mysql-57\data\ib_buffer_pool
2019-08-22T12:21:54.634811+08:00 0 [Note] Plugin 'FEDERATED' is disabled.
2019-08-22T12:21:54.643262+08:00 0 [Note] Server hostname (bind-address): '*'; port: 3306
2019-08-22T12:21:54.644280+08:00 0 [Note] IPv6 is available.
2019-08-22T12:21:54.644769+08:00 0 [Note]   - '::' resolves to '::';
2019-08-22T12:21:54.645382+08:00 0 [Note] Server socket created on IP: '::'.
2019-08-22T12:21:54.645957+08:00 0 [Note] InnoDB: Buffer pool(s) load completed at 190822 12:21:54
2019-08-22T12:21:54.665497+08:00 0 [Note] Failed to start slave threads for channel ''
2019-08-22T12:21:54.676051+08:00 0 [Note] Event Scheduler: Loaded 0 events
2019-08-22T12:21:54.676590+08:00 0 [Note] D:\phpEnv\server\mysql\mysql-57\bin\mysqld.exe: ready for connections.
Version: '5.7.25'  socket: ''  port: 3306  MySQL Community Server (GPL)
2019-08-23T14:48:55.656088+08:00 0 [Note] --secure-file-priv is set to NULL. Operations related to importing and exporting data are disabled
2019-08-23T14:48:55.658560+08:00 0 [Note] D:\phpEnv\server\mysql\mysql-57\bin\mysqld.exe (mysqld 5.7.25) starting as process 21212 ...
2019-08-23T14:48:55.673842+08:00 0 [Note] InnoDB: Mutexes and rw_locks use Windows interlocked functions
2019-08-23T14:48:55.674248+08:00 0 [Note] InnoDB: Uses event mutexes
2019-08-23T14:48:55.674552+08:00 0 [Note] InnoDB: _mm_lfence() and _mm_sfence() are used for memory barrier
2019-08-23T14:48:55.674892+08:00 0 [Note] InnoDB: Compressed tables use zlib 1.2.11
2019-08-23T14:48:55.675569+08:00 0 [Note] InnoDB: Number of pools: 1
2019-08-23T14:48:55.676136+08:00 0 [Note] InnoDB: Not using CPU crc32 instructions
2019-08-23T14:48:55.686494+08:00 0 [Note] InnoDB: Initializing buffer pool, total size = 128M, instances = 1, chunk size = 128M
2019-08-23T14:48:55.693976+08:00 0 [Note] InnoDB: Completed initialization of buffer pool
2019-08-23T14:48:55.718439+08:00 0 [Note] InnoDB: Highest supported file format is Barracuda.
2019-08-23T14:48:55.720656+08:00 0 [Note] InnoDB: Log scan progressed past the checkpoint lsn 5894880
2019-08-23T14:48:55.721156+08:00 0 [Note] InnoDB: Doing recovery: scanned up to log sequence number 5894889
2019-08-23T14:48:55.721749+08:00 0 [Note] InnoDB: Database was not shutdown normally!
2019-08-23T14:48:55.722157+08:00 0 [Note] InnoDB: Starting crash recovery.
2019-08-23T14:48:55.919823+08:00 0 [Note] InnoDB: Removed temporary tablespace data file: "ibtmp1"
2019-08-23T14:48:55.920321+08:00 0 [Note] InnoDB: Creating shared tablespace for temporary tables
2019-08-23T14:48:55.924438+08:00 0 [Note] InnoDB: Setting file '.\ibtmp1' size to 12 MB. Physically writing the file full; Please wait ...
2019-08-23T14:48:55.934986+08:00 0 [Note] InnoDB: File '.\ibtmp1' size is now 12 MB.
2019-08-23T14:48:55.936430+08:00 0 [Note] InnoDB: 96 redo rollback segment(s) found. 96 redo rollback segment(s) are active.
2019-08-23T14:48:55.936865+08:00 0 [Note] InnoDB: 32 non-redo rollback segment(s) are active.
2019-08-23T14:48:55.937683+08:00 0 [Note] InnoDB: Waiting for purge to start
2019-08-23T14:48:55.988931+08:00 0 [Note] InnoDB: 5.7.25 started; log sequence number 5894889
2019-08-23T14:48:55.989566+08:00 0 [Note] InnoDB: Loading buffer pool(s) from D:\phpEnv\server\mysql\mysql-57\data\ib_buffer_pool
2019-08-23T14:48:55.989644+08:00 0 [Note] Plugin 'FEDERATED' is disabled.
2019-08-23T14:48:55.997553+08:00 0 [Note] Server hostname (bind-address): '*'; port: 3306
2019-08-23T14:48:55.998405+08:00 0 [Note] IPv6 is available.
2019-08-23T14:48:55.998932+08:00 0 [Note]   - '::' resolves to '::';
2019-08-23T14:48:55.999234+08:00 0 [Note] Server socket created on IP: '::'.
2019-08-23T14:48:56.003589+08:00 0 [Note] InnoDB: Buffer pool(s) load completed at 190823 14:48:56
2019-08-23T14:48:56.067433+08:00 0 [Note] Failed to start slave threads for channel ''
2019-08-23T14:48:56.112947+08:00 0 [Note] Event Scheduler: Loaded 0 events
2019-08-23T14:48:56.113395+08:00 0 [Note] D:\phpEnv\server\mysql\mysql-57\bin\mysqld.exe: ready for connections.
Version: '5.7.25'  socket: ''  port: 3306  MySQL Community Server (GPL)
2019-08-26T15:11:02.019142+08:00 0 [Note] --secure-file-priv is set to NULL. Operations related to importing and exporting data are disabled
2019-08-26T15:11:02.020057+08:00 0 [Note] D:\phpEnv\server\mysql\mysql-57\bin\mysqld.exe (mysqld 5.7.25) starting as process 14376 ...
2019-08-26T15:11:02.028086+08:00 0 [Note] InnoDB: Mutexes and rw_locks use Windows interlocked functions
2019-08-26T15:11:02.028748+08:00 0 [Note] InnoDB: Uses event mutexes
2019-08-26T15:11:02.029272+08:00 0 [Note] InnoDB: _mm_lfence() and _mm_sfence() are used for memory barrier
2019-08-26T15:11:02.029613+08:00 0 [Note] InnoDB: Compressed tables use zlib 1.2.11
2019-08-26T15:11:02.030458+08:00 0 [Note] InnoDB: Number of pools: 1
2019-08-26T15:11:02.031003+08:00 0 [Note] InnoDB: Not using CPU crc32 instructions
2019-08-26T15:11:02.036066+08:00 0 [Note] InnoDB: Initializing buffer pool, total size = 128M, instances = 1, chunk size = 128M
2019-08-26T15:11:02.041615+08:00 0 [Note] InnoDB: Completed initialization of buffer pool
2019-08-26T15:11:02.062828+08:00 0 [Note] InnoDB: Highest supported file format is Barracuda.
2019-08-26T15:11:02.065020+08:00 0 [Note] InnoDB: Log scan progressed past the checkpoint lsn 5894917
2019-08-26T15:11:02.065387+08:00 0 [Note] InnoDB: Doing recovery: scanned up to log sequence number 5894926
2019-08-26T15:11:02.065742+08:00 0 [Note] InnoDB: Database was not shutdown normally!
2019-08-26T15:11:02.066041+08:00 0 [Note] InnoDB: Starting crash recovery.
2019-08-26T15:11:02.261253+08:00 0 [Note] InnoDB: Removed temporary tablespace data file: "ibtmp1"
2019-08-26T15:11:02.261656+08:00 0 [Note] InnoDB: Creating shared tablespace for temporary tables
2019-08-26T15:11:02.262378+08:00 0 [Note] InnoDB: Setting file '.\ibtmp1' size to 12 MB. Physically writing the file full; Please wait ...
2019-08-26T15:11:02.277019+08:00 0 [Note] InnoDB: File '.\ibtmp1' size is now 12 MB.
2019-08-26T15:11:02.279018+08:00 0 [Note] InnoDB: 96 redo rollback segment(s) found. 96 redo rollback segment(s) are active.
2019-08-26T15:11:02.279576+08:00 0 [Note] InnoDB: 32 non-redo rollback segment(s) are active.
2019-08-26T15:11:02.280338+08:00 0 [Note] InnoDB: Waiting for purge to start
2019-08-26T15:11:02.331395+08:00 0 [Note] InnoDB: 5.7.25 started; log sequence number 5894926
2019-08-26T15:11:02.332022+08:00 0 [Note] InnoDB: Loading buffer pool(s) from D:\phpEnv\server\mysql\mysql-57\data\ib_buffer_pool
2019-08-26T15:11:02.332110+08:00 0 [Note] Plugin 'FEDERATED' is disabled.
2019-08-26T15:11:02.339931+08:00 0 [Note] Server hostname (bind-address): '*'; port: 3306
2019-08-26T15:11:02.340759+08:00 0 [Note] IPv6 is available.
2019-08-26T15:11:02.341366+08:00 0 [Note]   - '::' resolves to '::';
2019-08-26T15:11:02.341923+08:00 0 [Note] Server socket created on IP: '::'.
2019-08-26T15:11:02.344906+08:00 0 [Note] InnoDB: Buffer pool(s) load completed at 190826 15:11:02
2019-08-26T15:11:02.391960+08:00 0 [Note] Failed to start slave threads for channel ''
2019-08-26T15:11:02.436676+08:00 0 [Note] Event Scheduler: Loaded 0 events
2019-08-26T15:11:02.437264+08:00 0 [Note] D:\phpEnv\server\mysql\mysql-57\bin\mysqld.exe: ready for connections.
Version: '5.7.25'  socket: ''  port: 3306  MySQL Community Server (GPL)
2019-08-28T16:10:10.788428+08:00 0 [Note] --secure-file-priv is set to NULL. Operations related to importing and exporting data are disabled
2019-08-28T16:10:10.789099+08:00 0 [Note] D:\phpEnv\server\mysql\mysql-57\bin\mysqld.exe (mysqld 5.7.25) starting as process 11112 ...
2019-08-28T16:10:10.799662+08:00 0 [Note] InnoDB: Mutexes and rw_locks use Windows interlocked functions
2019-08-28T16:10:10.800345+08:00 0 [Note] InnoDB: Uses event mutexes
2019-08-28T16:10:10.800767+08:00 0 [Note] InnoDB: _mm_lfence() and _mm_sfence() are used for memory barrier
2019-08-28T16:10:10.801276+08:00 0 [Note] InnoDB: Compressed tables use zlib 1.2.11
2019-08-28T16:10:10.802090+08:00 0 [Note] InnoDB: Number of pools: 1
2019-08-28T16:10:10.802633+08:00 0 [Note] InnoDB: Not using CPU crc32 instructions
2019-08-28T16:10:10.805902+08:00 0 [Note] InnoDB: Initializing buffer pool, total size = 128M, instances = 1, chunk size = 128M
2019-08-28T16:10:10.812483+08:00 0 [Note] InnoDB: Completed initialization of buffer pool
2019-08-28T16:10:10.834991+08:00 0 [Note] InnoDB: Highest supported file format is Barracuda.
2019-08-28T16:10:10.837623+08:00 0 [Note] InnoDB: Log scan progressed past the checkpoint lsn 5894945
2019-08-28T16:10:10.838155+08:00 0 [Note] InnoDB: Doing recovery: scanned up to log sequence number 5894954
2019-08-28T16:10:10.838691+08:00 0 [Note] InnoDB: Database was not shutdown normally!
2019-08-28T16:10:10.839129+08:00 0 [Note] InnoDB: Starting crash recovery.
2019-08-28T16:10:11.023594+08:00 0 [Note] InnoDB: Removed temporary tablespace data file: "ibtmp1"
2019-08-28T16:10:11.024131+08:00 0 [Note] InnoDB: Creating shared tablespace for temporary tables
2019-08-28T16:10:11.024865+08:00 0 [Note] InnoDB: Setting file '.\ibtmp1' size to 12 MB. Physically writing the file full; Please wait ...
2019-08-28T16:10:11.034316+08:00 0 [Note] InnoDB: File '.\ibtmp1' size is now 12 MB.
2019-08-28T16:10:11.036050+08:00 0 [Note] InnoDB: 96 redo rollback segment(s) found. 96 redo rollback segment(s) are active.
2019-08-28T16:10:11.036686+08:00 0 [Note] InnoDB: 32 non-redo rollback segment(s) are active.
2019-08-28T16:10:11.037526+08:00 0 [Note] InnoDB: Waiting for purge to start
2019-08-28T16:10:11.088410+08:00 0 [Note] InnoDB: 5.7.25 started; log sequence number 5894954
2019-08-28T16:10:11.089218+08:00 0 [Note] InnoDB: Loading buffer pool(s) from D:\phpEnv\server\mysql\mysql-57\data\ib_buffer_pool
2019-08-28T16:10:11.089298+08:00 0 [Note] Plugin 'FEDERATED' is disabled.
2019-08-28T16:10:11.098334+08:00 0 [Note] Server hostname (bind-address): '*'; port: 3306
2019-08-28T16:10:11.099392+08:00 0 [Note] IPv6 is available.
2019-08-28T16:10:11.099981+08:00 0 [Note]   - '::' resolves to '::';
2019-08-28T16:10:11.100523+08:00 0 [Note] Server socket created on IP: '::'.
2019-08-28T16:10:11.106671+08:00 0 [Note] InnoDB: Buffer pool(s) load completed at 190828 16:10:11
2019-08-28T16:10:11.157571+08:00 0 [Note] Failed to start slave threads for channel ''
2019-08-28T16:10:11.206470+08:00 0 [Note] Event Scheduler: Loaded 0 events
2019-08-28T16:10:11.207041+08:00 0 [Note] D:\phpEnv\server\mysql\mysql-57\bin\mysqld.exe: ready for connections.
Version: '5.7.25'  socket: ''  port: 3306  MySQL Community Server (GPL)
2019-08-29T10:31:52.812986+08:00 0 [Note] --secure-file-priv is set to NULL. Operations related to importing and exporting data are disabled
2019-08-29T10:31:52.813383+08:00 0 [Note] D:\phpEnv\server\mysql\mysql-57\bin\mysqld.exe (mysqld 5.7.25) starting as process 7840 ...
2019-08-29T10:31:52.819687+08:00 0 [Note] InnoDB: Mutexes and rw_locks use Windows interlocked functions
2019-08-29T10:31:52.820249+08:00 0 [Note] InnoDB: Uses event mutexes
2019-08-29T10:31:52.820654+08:00 0 [Note] InnoDB: _mm_lfence() and _mm_sfence() are used for memory barrier
2019-08-29T10:31:52.821152+08:00 0 [Note] InnoDB: Compressed tables use zlib 1.2.11
2019-08-29T10:31:52.821875+08:00 0 [Note] InnoDB: Number of pools: 1
2019-08-29T10:31:52.822379+08:00 0 [Note] InnoDB: Not using CPU crc32 instructions
2019-08-29T10:31:52.825514+08:00 0 [Note] InnoDB: Initializing buffer pool, total size = 128M, instances = 1, chunk size = 128M
2019-08-29T10:31:52.831573+08:00 0 [Note] InnoDB: Completed initialization of buffer pool
2019-08-29T10:31:52.852651+08:00 0 [Note] InnoDB: Highest supported file format is Barracuda.
2019-08-29T10:31:52.855324+08:00 0 [Note] InnoDB: Log scan progressed past the checkpoint lsn 5894973
2019-08-29T10:31:52.855880+08:00 0 [Note] InnoDB: Doing recovery: scanned up to log sequence number 5894982
2019-08-29T10:31:52.856409+08:00 0 [Note] InnoDB: Database was not shutdown normally!
2019-08-29T10:31:52.856835+08:00 0 [Note] InnoDB: Starting crash recovery.
2019-08-29T10:31:53.038514+08:00 0 [Note] InnoDB: Removed temporary tablespace data file: "ibtmp1"
2019-08-29T10:31:53.039039+08:00 0 [Note] InnoDB: Creating shared tablespace for temporary tables
2019-08-29T10:31:53.039732+08:00 0 [Note] InnoDB: Setting file '.\ibtmp1' size to 12 MB. Physically writing the file full; Please wait ...
2019-08-29T10:31:53.048732+08:00 0 [Note] InnoDB: File '.\ibtmp1' size is now 12 MB.
2019-08-29T10:31:53.050449+08:00 0 [Note] InnoDB: 96 redo rollback segment(s) found. 96 redo rollback segment(s) are active.
2019-08-29T10:31:53.051029+08:00 0 [Note] InnoDB: 32 non-redo rollback segment(s) are active.
2019-08-29T10:31:53.051767+08:00 0 [Note] InnoDB: Waiting for purge to start
2019-08-29T10:31:53.103260+08:00 0 [Note] InnoDB: 5.7.25 started; log sequence number 5894982
2019-08-29T10:31:53.104133+08:00 0 [Note] InnoDB: Loading buffer pool(s) from D:\phpEnv\server\mysql\mysql-57\data\ib_buffer_pool
2019-08-29T10:31:53.104215+08:00 0 [Note] Plugin 'FEDERATED' is disabled.
2019-08-29T10:31:53.111369+08:00 0 [Note] Server hostname (bind-address): '*'; port: 3306
2019-08-29T10:31:53.112252+08:00 0 [Note] IPv6 is available.
2019-08-29T10:31:53.112599+08:00 0 [Note]   - '::' resolves to '::';
2019-08-29T10:31:53.112998+08:00 0 [Note] Server socket created on IP: '::'.
2019-08-29T10:31:53.115922+08:00 0 [Note] InnoDB: Buffer pool(s) load completed at 190829 10:31:53
2019-08-29T10:31:53.133671+08:00 0 [Note] Failed to start slave threads for channel ''
2019-08-29T10:31:53.146743+08:00 0 [Note] Event Scheduler: Loaded 0 events
2019-08-29T10:31:53.147301+08:00 0 [Note] D:\phpEnv\server\mysql\mysql-57\bin\mysqld.exe: ready for connections.
Version: '5.7.25'  socket: ''  port: 3306  MySQL Community Server (GPL)
