2019-04-07 16:55:38 0 [Note] InnoDB: Mutexes and rw_locks use Windows interlocked functions
2019-04-07 16:55:38 0 [Note] InnoDB: Uses event mutexes
2019-04-07 16:55:38 0 [Note] InnoDB: Compressed tables use zlib 1.2.11
2019-04-07 16:55:38 0 [Note] InnoDB: Number of pools: 1
2019-04-07 16:55:38 0 [Note] InnoDB: Using SSE2 crc32 instructions
2019-04-07 16:55:38 0 [Note] InnoDB: Initializing buffer pool, total size = 128M, instances = 1, chunk size = 128M
2019-04-07 16:55:38 0 [Note] InnoDB: Completed initialization of buffer pool
2019-04-07 16:55:39 0 [Note] InnoDB: 128 out of 128 rollback segments are active.
2019-04-07 16:55:39 0 [Note] InnoDB: Creating shared tablespace for temporary tables
2019-04-07 16:55:39 0 [Note] InnoDB: Setting file '.\ibtmp1' size to 12 MB. Physically writing the file full; Please wait ...
2019-04-07 16:55:39 0 [Note] InnoDB: File '.\ibtmp1' size is now 12 MB.
2019-04-07 16:55:39 0 [Note] InnoDB: Waiting for purge to start
2019-04-07 16:55:39 0 [Note] InnoDB: 10.3.14 started; log sequence number 1630815; transaction id 21
2019-04-07 16:55:39 0 [Note] InnoDB: Loading buffer pool(s) from E:\phpEnv存档\mariadb-10.3.14-winx64\data\ib_buffer_pool
2019-04-07 16:55:39 0 [Note] InnoDB: Buffer pool(s) load completed at 190407 16:55:39
2019-04-07 16:55:39 0 [Note] Plugin 'FEEDBACK' is disabled.
2019-04-07 16:55:39 0 [Note] Server socket created on IP: '::'.
2019-04-07 16:55:39 0 [ERROR] Can't start server: Bind on TCP/IP port. Got error: 10048: 通常每个套接字地址(协议/网络地址/端口)只允许使用一次。

2019-04-07 16:55:39 0 [ERROR] Do you already have another mysqld server running on port: 3306 ?
2019-04-07 16:55:39 0 [ERROR] Aborting

